#
# There is insufficient memory for the Java Runtime Environment to continue.
# Native memory allocation (malloc) failed to allocate 1048576 bytes for AllocateHeap
# Possible reasons:
#   The system is out of physical RAM or swap space
#   The process is running with CompressedOops enabled, and the Java Heap may be blocking the growth of the native heap
# Possible solutions:
#   Reduce memory load on the system
#   Increase physical memory or swap space
#   Check if swap backing store is full
#   Decrease Java heap size (-Xmx/-Xms)
#   Decrease number of Java threads
#   Decrease Java thread stack sizes (-Xss)
#   Set larger code cache with -XX:ReservedCodeCacheSize=
#   JVM is running with Unscaled Compressed Oops mode in which the Java heap is
#     placed in the first 4GB address space. The Java Heap base address is the
#     maximum limit for the native heap growth. Please use -XX:HeapBaseMinAddress
#     to set the Java Heap base and to place the Java Heap above 4GB virtual address.
# This output file may be truncated or incomplete.
#
#  Out of Memory Error (memory/allocation.inline.hpp:61), pid=8120, tid=0x000000000000ba04
#
# JRE version:  (8.0_242-b01) (build )
# Java VM: OpenJDK 64-Bit Server VM (25.242-b01 mixed mode windows-amd64 compressed oops)
# Failed to write core dump. Minidumps are not enabled by default on client versions of Windows
#

---------------  T H R E A D  ---------------

Current thread (0x0000000003242800):  JavaThread "Unknown thread" [_thread_in_vm, id=47620, stack(0x0000000003100000,0x0000000003200000)]

Stack: [0x0000000003100000,0x0000000003200000]
[error occurred during error reporting (printing stack bounds), id 0xc0000005]

Native frames: (J=compiled Java code, j=interpreted, Vv=VM code, C=native code)


---------------  P R O C E S S  ---------------

Java Threads: ( => current thread )

Other Threads:

=>0x0000000003242800 (exited) JavaThread "Unknown thread" [_thread_in_vm, id=47620, stack(0x0000000003100000,0x0000000003200000)]

VM state:not at safepoint (normal execution)

VM Mutex/Monitor currently owned by a thread: None

heap address: 0x0000000081e00000, size: 2018 MB, Compressed Oops mode: 32-bit
Narrow klass base: 0x0000000000000000, Narrow klass shift: 3
Compressed class space size: 1073741824 Address: 0x0000000100000000

Heap:
 PSYoungGen      total 38400K, used 665K [0x00000000d5f80000, 0x00000000d8a00000, 0x0000000100000000)
  eden space 33280K, 2% used [0x00000000d5f80000,0x00000000d6026670,0x00000000d8000000)
  from space 5120K, 0% used [0x00000000d8500000,0x00000000d8500000,0x00000000d8a00000)
  to   space 5120K, 0% used [0x00000000d8000000,0x00000000d8000000,0x00000000d8500000)
 ParOldGen       total 87552K, used 0K [0x0000000081e00000, 0x0000000087380000, 0x00000000d5f80000)
  object space 87552K, 0% used [0x0000000081e00000,0x0000000081e00000,0x0000000087380000)
 Metaspace       used 779K, capacity 4480K, committed 4480K, reserved 1056768K
  class space    used 74K, capacity 384K, committed 384K, reserved 1048576K

Card table byte_map: [0x0000000012700000,0x0000000012b00000] byte_map_base: 0x00000000122f1000

Marking Bits: (ParMarkBitMap*) 0x0000000059f6f030
 Begin Bits: [0x00000000131b0000, 0x0000000015138000)
 End Bits:   [0x0000000015138000, 0x00000000170c0000)

Polling page: 0x0000000001840000

CodeCache: size=245760Kb used=328Kb max_used=328Kb free=245431Kb
 bounds [0x0000000003340000, 0x00000000035b0000, 0x0000000012340000]
 total_blobs=57 nmethods=0 adapters=38
 compilation: enabled

Compilation events (0 events):
No events

GC Heap History (0 events):
No events

Deoptimization events (0 events):
No events

Classes redefined (0 events):
No events

Internal exceptions (0 events):
No events

Events (10 events):
Event: 0.041 loading class java/lang/Short
Event: 0.041 loading class java/lang/Short done
Event: 0.041 loading class java/lang/Integer
Event: 0.041 loading class java/lang/Integer done
Event: 0.041 loading class java/lang/Long
Event: 0.041 loading class java/lang/Long done
Event: 0.042 loading class java/lang/NullPointerException
Event: 0.042 loading class java/lang/NullPointerException done
Event: 0.042 loading class java/lang/ArithmeticException
Event: 0.042 loading class java/lang/ArithmeticException done


Dynamic libraries:
0x00007ff68f660000 - 0x00007ff68f691000 	C:\Program Files\Android\Android Studio1\jre\bin\java.EXE
0x00007ff9a1f00000 - 0x00007ff9a20f0000 	C:\WINDOWS\SYSTEM32\ntdll.dll
0x00007ff9a1630000 - 0x00007ff9a16e2000 	C:\WINDOWS\System32\KERNEL32.DLL
0x00007ff99f0d0000 - 0x00007ff99f375000 	C:\WINDOWS\System32\KERNELBASE.dll
0x00007ff9a16f0000 - 0x00007ff9a1793000 	C:\WINDOWS\System32\ADVAPI32.dll
0x00007ff9a1be0000 - 0x00007ff9a1c7e000 	C:\WINDOWS\System32\msvcrt.dll
0x00007ff9a1c80000 - 0x00007ff9a1d17000 	C:\WINDOWS\System32\sechost.dll
0x00007ff9a14a0000 - 0x00007ff9a15bf000 	C:\WINDOWS\System32\RPCRT4.dll
0x00007ff9a1d20000 - 0x00007ff9a1eb4000 	C:\WINDOWS\System32\USER32.dll
0x00007ff99efa0000 - 0x00007ff99efc1000 	C:\WINDOWS\System32\win32u.dll
0x00007ff9a0090000 - 0x00007ff9a00b6000 	C:\WINDOWS\System32\GDI32.dll
0x00007ff99fe70000 - 0x00007ff9a0008000 	C:\WINDOWS\System32\gdi32full.dll
0x00007ff99f380000 - 0x00007ff99f41e000 	C:\WINDOWS\System32\msvcp_win.dll
0x00007ff99fd10000 - 0x00007ff99fe0a000 	C:\WINDOWS\System32\ucrtbase.dll
0x00007ff98be00000 - 0x00007ff98c084000 	C:\WINDOWS\WinSxS\amd64_microsoft.windows.common-controls_6595b64144ccf1df_6.0.18362.1316_none_9e7a364fe461dbd7\COMCTL32.dll
0x00007ff9a0700000 - 0x00007ff9a0a37000 	C:\WINDOWS\System32\combase.dll
0x00007ff99ef10000 - 0x00007ff99ef91000 	C:\WINDOWS\System32\bcryptPrimitives.dll
0x00007ff9a1390000 - 0x00007ff9a13be000 	C:\WINDOWS\System32\IMM32.DLL
0x0000000059ff0000 - 0x000000005a0c2000 	C:\Program Files\Android\Android Studio1\jre\jre\bin\msvcr100.dll
0x00000000597a0000 - 0x0000000059feb000 	C:\Program Files\Android\Android Studio1\jre\jre\bin\server\jvm.dll
0x00007ff9a1130000 - 0x00007ff9a1138000 	C:\WINDOWS\System32\PSAPI.DLL
0x00007ff989600000 - 0x00007ff989609000 	C:\WINDOWS\SYSTEM32\WSOCK32.dll
0x00007ff9993e0000 - 0x00007ff999404000 	C:\WINDOWS\SYSTEM32\WINMM.dll
0x00007ff9a15c0000 - 0x00007ff9a162f000 	C:\WINDOWS\System32\WS2_32.dll
0x00007ff994990000 - 0x00007ff99499a000 	C:\WINDOWS\SYSTEM32\VERSION.dll
0x00007ff9993b0000 - 0x00007ff9993dd000 	C:\WINDOWS\SYSTEM32\WINMMBASE.dll
0x00007ff99f080000 - 0x00007ff99f0ca000 	C:\WINDOWS\System32\cfgmgr32.dll
0x00007ff98c220000 - 0x00007ff98c22f000 	C:\Program Files\Android\Android Studio1\jre\jre\bin\verify.dll
0x00007ff9857e0000 - 0x00007ff985809000 	C:\Program Files\Android\Android Studio1\jre\jre\bin\java.dll
0x00007ff9841f0000 - 0x00007ff984206000 	C:\Program Files\Android\Android Studio1\jre\jre\bin\zip.dll

VM Arguments:
java_command: <unknown>
java_class_path (initial): .
Launcher Type: SUN_STANDARD

Environment Variables:
PATH=C:\Program Files\ImageMagick-7.0.10-Q16-HDRI;C:\Program Files (x86)\NVIDIA Corporation\PhysX\Common;C:\WINDOWS\system32;C:\WINDOWS;C:\WINDOWS\System32\Wbem;C:\WINDOWS\System32\WindowsPowerShell\v1.0\;C:\WINDOWS\System32\OpenSSH\;C:\Program Files\Java\jdk-13.0.2\bin;C:\Program Files\Git\cmd;C:\Program Files\nodejs\;C:\ProgramData\chocolatey\bin;C:\Users\Lewis\AppData\Local\Programs\Python\Python38-32\Lib\site-packages\django\bin;C:\Users\Lewis\AppData\Local\Programs\Python\Python38-32\Scripts\;C:\Users\Lewis\AppData\Local\Programs\Python\Python38-32\;C:\Users\Lewis\AppData\Local\Programs\Microsoft VS Code\bin;C:\Users\Lewis\AppData\Local\GitHubDesktop\bin;C:\src\flutter\bin;C:\Users\Lewis\AppData\Roaming\npm;C:\Users\Lewis\AppData\Roaming\Pub\Cache\bin;C:\Program Files\JetBrains\PyCharm 2020.1.2\bin;C:\Program Files\JetBrains\PyCharm Community Edition 2020.1.2\bin;C:\adb;C:\Program Files (x86)\dotnet\;C:\Program Files\dotnet\;C:\Users\Lewis\AppData\Local\Programs\Python\Python38-32\Scripts\;C:\Users\Lewis\AppData\Local\Programs\Python\Python38-32\;C:\Users\Lewis\AppData\Local\Programs\Microsoft VS Code\bin;C:\Users\Lewis\AppData\Local\GitHubDesktop\bin;C:\src\flutter\bin;C:\Users\Lewis\AppData\Roaming\npm;C:\tools\dart-sdk\bin;C:\Users\Lewis\AppData\Roaming\Pub\Cache\bin;C:\Program Files\JetBrains\PyCharm 2020.1.2\bin;;C:\Program Files\JetBrains\PyCharm Community Edition 2020.1.2\bin;;C:\Program Files\Java\jdk-13.0.2\bin;C:\Users\Lewis\.dotnet\tools;C:\src\flutter\bin\mingit\cmd
USERNAME=Lewis
OS=Windows_NT
PROCESSOR_IDENTIFIER=Intel64 Family 6 Model 78 Stepping 3, GenuineIntel



---------------  S Y S T E M  ---------------

OS: Windows 10.0 , 64 bit Build 18362 (10.0.18362.1316)

CPU:total 4 (initial active 4) (2 cores per cpu, 2 threads per core) family 6 model 78 stepping 3, cmov, cx8, fxsr, mmx, sse, sse2, sse3, ssse3, sse4.1, sse4.2, popcnt, avx, avx2, aes, clmul, erms, rtm, 3dnowpref, lzcnt, ht, tsc, tscinvbit, bmi1, bmi2, adx

Memory: 4k page, physical 8265384k(489148k free), swap 12164776k(5212k free)

vm_info: OpenJDK 64-Bit Server VM (25.242-b01) for windows-amd64 JRE (1.8.0_242-release-1644-b01), built by "builder" with MS VC++ 10.0 (VS2010)

time: Mon Feb 15 03:06:59 2021
timezone: E. Africa Standard Time
elapsed time: 0 seconds (0d 0h 0m 0s)

