#
# There is insufficient memory for the Java Runtime Environment to continue.
# Native memory allocation (malloc) failed to allocate 742496 bytes for Chunk::new
# Possible reasons:
#   The system is out of physical RAM or swap space
#   The process is running with CompressedOops enabled, and the Java Heap may be blocking the growth of the native heap
# Possible solutions:
#   Reduce memory load on the system
#   Increase physical memory or swap space
#   Check if swap backing store is full
#   Decrease Java heap size (-Xmx/-Xms)
#   Decrease number of Java threads
#   Decrease Java thread stack sizes (-Xss)
#   Set larger code cache with -XX:ReservedCodeCacheSize=
#   JVM is running with Zero Based Compressed Oops mode in which the Java heap is
#     placed in the first 32GB address space. The Java Heap base address is the
#     maximum limit for the native heap growth. Please use -XX:HeapBaseMinAddress
#     to set the Java Heap base and to place the Java Heap above 32GB virtual address.
# This output file may be truncated or incomplete.
#
#  Out of Memory Error (allocation.cpp:389), pid=47728, tid=0x000000000000bae0
#
# JRE version: OpenJDK Runtime Environment (8.0_242-b01) (build 1.8.0_242-release-1644-b01)
# Java VM: OpenJDK 64-Bit Server VM (25.242-b01 mixed mode windows-amd64 compressed oops)
# Failed to write core dump. Minidumps are not enabled by default on client versions of Windows
#

---------------  T H R E A D  ---------------

Current thread (0x000000001a149000):  JavaThread "C2 CompilerThread0" daemon [_thread_in_native, id=47840, stack(0x000000001b790000,0x000000001b890000)]

Stack: [0x000000001b790000,0x000000001b890000]
[error occurred during error reporting (printing stack bounds), id 0xc0000005]

Native frames: (J=compiled Java code, j=interpreted, Vv=VM code, C=native code)


Current CompileTask:
C2:  17372 4303       4       org.objectweb.asm.Frame::execute (2318 bytes)


---------------  P R O C E S S  ---------------

Java Threads: ( => current thread )
  0x000000001d4ba800 JavaThread "Cache worker for Build Output Cleanup Cache (D:\LEWY\Dev\Projects\ROUGH\Flutter\cryptoboard\android\.gradle\buildOutputCleanup)" [_thread_blocked, id=48152, stack(0x00000000250a0000,0x00000000251a0000)]
  0x000000001d4b5000 JavaThread "Build operations Thread 4" [_thread_blocked, id=11408, stack(0x00000000247a0000,0x00000000248a0000)]
  0x000000001d4b7800 JavaThread "Build operations Thread 3" [_thread_blocked, id=11404, stack(0x00000000246a0000,0x00000000247a0000)]
  0x000000001d4ba000 JavaThread "Build operations Thread 2" [_thread_blocked, id=11396, stack(0x00000000245a0000,0x00000000246a0000)]
  0x000000001d4b7000 JavaThread "Build operations" [_thread_blocked, id=11392, stack(0x00000000244a0000,0x00000000245a0000)]
  0x000000001d4bc000 JavaThread "Cache worker for execution history cache (C:\Users\Lewis\.gradle\caches\5.6.2\executionHistory)" [_thread_blocked, id=11352, stack(0x00000000241a0000,0x00000000242a0000)]
  0x000000001d4b8800 JavaThread "Cache worker for cache directory md-rule (C:\Users\Lewis\.gradle\caches\5.6.2\md-rule)" [_thread_blocked, id=26732, stack(0x0000000023ea0000,0x0000000023fa0000)]
  0x000000001cb2f000 JavaThread "Cache worker for cache directory md-supplier (C:\Users\Lewis\.gradle\caches\5.6.2\md-supplier)" [_thread_blocked, id=11340, stack(0x0000000023da0000,0x0000000023ea0000)]
  0x000000001cb2c000 JavaThread "Cache worker for file hash cache (D:\LEWY\Dev\Projects\ROUGH\Flutter\cryptoboard\android\.gradle\5.6.2\fileHashes)" [_thread_blocked, id=48056, stack(0x0000000022250000,0x0000000022350000)]
  0x000000001cb29000 JavaThread "Cache worker for journal cache (C:\Users\Lewis\.gradle\caches\journal-1)" [_thread_blocked, id=48024, stack(0x000000001fcb0000,0x000000001fdb0000)]
  0x000000001cb2d000 JavaThread "File lock request listener" [_thread_in_native, id=48036, stack(0x000000001fbb0000,0x000000001fcb0000)]
  0x000000001cb2b000 JavaThread "Cache worker for file hash cache (C:\Users\Lewis\.gradle\caches\5.6.2\fileHashes)" [_thread_blocked, id=26304, stack(0x000000001fab0000,0x000000001fbb0000)]
  0x000000001daea800 JavaThread "Thread-9" [_thread_blocked, id=48000, stack(0x000000001f9b0000,0x000000001fab0000)]
  0x000000001db6e000 JavaThread "Stdin handler" [_thread_blocked, id=47996, stack(0x000000001f8b0000,0x000000001f9b0000)]
  0x000000001daa3000 JavaThread "Asynchronous log dispatcher for DefaultDaemonConnection: socket connection from /127.0.0.1:58867 to /127.0.0.1:58868" [_thread_blocked, id=47992, stack(0x000000001f7b0000,0x000000001f8b0000)]
  0x000000001db69800 JavaThread "Daemon worker" [_thread_in_native, id=47980, stack(0x000000001f6b0000,0x000000001f7b0000)]
  0x000000001daa1000 JavaThread "Cancel handler" [_thread_blocked, id=47976, stack(0x000000001f5b0000,0x000000001f6b0000)]
  0x000000001da90000 JavaThread "Handler for socket connection from /127.0.0.1:58867 to /127.0.0.1:58868" [_thread_in_native, id=47968, stack(0x000000001f2b0000,0x000000001f3b0000)]
  0x000000001da88800 JavaThread "Daemon" [_thread_blocked, id=26964, stack(0x000000001f1b0000,0x000000001f2b0000)]
  0x000000001da68000 JavaThread "Daemon periodic checks" [_thread_blocked, id=47948, stack(0x000000001f0b0000,0x000000001f1b0000)]
  0x000000001da5e000 JavaThread "Incoming local TCP Connector on port 58867" [_thread_in_native, id=47932, stack(0x000000001ee70000,0x000000001ef70000)]
  0x000000001d9ce000 JavaThread "Daemon health stats" [_thread_blocked, id=47900, stack(0x000000001e830000,0x000000001e930000)]
  0x000000001b9aa000 JavaThread "Service Thread" daemon [_thread_blocked, id=47852, stack(0x000000001be90000,0x000000001bf90000)]
  0x000000001b9a0800 JavaThread "C1 CompilerThread2" daemon [_thread_blocked, id=47848, stack(0x000000001bd90000,0x000000001be90000)]
  0x000000001a14d000 JavaThread "C2 CompilerThread1" daemon [_thread_blocked, id=47844, stack(0x000000001b890000,0x000000001b990000)]
=>0x000000001a149000 JavaThread "C2 CompilerThread0" daemon [_thread_in_native, id=47840, stack(0x000000001b790000,0x000000001b890000)]
  0x000000001a148000 JavaThread "Attach Listener" daemon [_thread_blocked, id=26916, stack(0x000000001b690000,0x000000001b790000)]
  0x000000001a146800 JavaThread "Signal Dispatcher" daemon [_thread_blocked, id=47832, stack(0x000000001b590000,0x000000001b690000)]
  0x000000000326d000 JavaThread "Finalizer" daemon [_thread_blocked, id=47828, stack(0x000000001b390000,0x000000001b490000)]
  0x000000001a129000 JavaThread "Reference Handler" daemon [_thread_blocked, id=47824, stack(0x000000001b290000,0x000000001b390000)]
  0x0000000003172800 JavaThread "main" [_thread_blocked, id=47792, stack(0x0000000003070000,0x0000000003170000)]

Other Threads:
  0x000000001a107800 VMThread [stack: 0x000000001b190000,0x000000001b290000] [id=47820]
  0x000000001b9ab000 WatcherThread [stack: 0x000000001bf90000,0x000000001c090000] [id=47856]

VM state:not at safepoint (normal execution)

VM Mutex/Monitor currently owned by a thread: None

heap address: 0x0000000704800000, size: 3000 MB, Compressed Oops mode: Zero based, Oop shift amount: 3
Narrow klass base: 0x0000000000000000, Narrow klass shift: 3
Compressed class space size: 1073741824 Address: 0x00000007c0000000

Heap:
 PSYoungGen      total 107008K, used 83113K [0x0000000781800000, 0x000000078a880000, 0x00000007c0000000)
  eden space 94720K, 87% used [0x0000000781800000,0x000000078692a668,0x0000000787480000)
  from space 12288K, 0% used [0x0000000787480000,0x0000000787480000,0x0000000788080000)
  to   space 14336K, 0% used [0x0000000789a80000,0x0000000789a80000,0x000000078a880000)
 ParOldGen       total 102912K, used 19964K [0x0000000704800000, 0x000000070ac80000, 0x0000000781800000)
  object space 102912K, 19% used [0x0000000704800000,0x0000000705b7f360,0x000000070ac80000)
 Metaspace       used 44030K, capacity 45124K, committed 45272K, reserved 1089536K
  class space    used 5823K, capacity 6122K, committed 6144K, reserved 1048576K

Card table byte_map: [0x0000000012630000,0x0000000012c10000] byte_map_base: 0x000000000ee0c000

Marking Bits: (ParMarkBitMap*) 0x000000005a04f030
 Begin Bits: [0x0000000013400000, 0x00000000162e0000)
 End Bits:   [0x00000000162e0000, 0x00000000191c0000)

Polling page: 0x0000000001320000

CodeCache: size=245760Kb used=13750Kb max_used=13769Kb free=232010Kb
 bounds [0x0000000003270000, 0x0000000003ff0000, 0x0000000012270000]
 total_blobs=4680 nmethods=3922 adapters=671
 compilation: enabled

Compilation events (10 events):
Event: 17.313 Thread 0x000000001b9a0800 nmethod 4337 0x0000000003fdd610 code [0x0000000003fdd760, 0x0000000003fdd8d0]
Event: 17.313 Thread 0x000000001b9a0800 4338       1       org.objectweb.asm.MethodWriter::visitCode (1 bytes)
Event: 17.313 Thread 0x000000001b9a0800 nmethod 4338 0x0000000003fdd950 code [0x0000000003fddaa0, 0x0000000003fddbb0]
Event: 17.352 Thread 0x000000001a14d000 nmethod 4281 0x0000000003fe3450 code [0x0000000003fe4660, 0x0000000003fe83b0]
Event: 17.352 Thread 0x000000001a14d000 4314       4       com.google.common.collect.CollectPreconditions::checkEntryNotNull (68 bytes)
Event: 17.353 Thread 0x000000001a14d000 nmethod 4314 0x0000000003fbc810 code [0x0000000003fbc940, 0x0000000003fbc9b8]
Event: 17.353 Thread 0x000000001a14d000 4332       4       java.lang.Integer::highestOneBit (38 bytes)
Event: 17.354 Thread 0x000000001a14d000 nmethod 4332 0x0000000003f89e10 code [0x0000000003f89f40, 0x0000000003f89fb8]
Event: 17.361 Thread 0x000000001b9a0800 4339       3       java.lang.invoke.MethodHandles$Lookup::<init> (15 bytes)
Event: 17.361 Thread 0x000000001b9a0800 nmethod 4339 0x0000000003fe3090 code [0x0000000003fe31e0, 0x0000000003fe33b0]

GC Heap History (10 events):
Event: 7.269 GC heap before
{Heap before GC invocations=7 (full 1):
 PSYoungGen      total 75776K, used 8793K [0x0000000781800000, 0x0000000786f00000, 0x00000007c0000000)
  eden space 65536K, 0% used [0x0000000781800000,0x0000000781800000,0x0000000785800000)
  from space 10240K, 85% used [0x0000000786300000,0x0000000786b96410,0x0000000786d00000)
  to   space 11264K, 0% used [0x0000000785800000,0x0000000785800000,0x0000000786300000)
 ParOldGen       total 87552K, used 6846K [0x0000000704800000, 0x0000000709d80000, 0x0000000781800000)
  object space 87552K, 7% used [0x0000000704800000,0x0000000704eafb28,0x0000000709d80000)
 Metaspace       used 20662K, capacity 21014K, committed 21248K, reserved 1067008K
  class space    used 2910K, capacity 3049K, committed 3072K, reserved 1048576K
Event: 7.418 GC heap after
Heap after GC invocations=7 (full 1):
 PSYoungGen      total 75776K, used 0K [0x0000000781800000, 0x0000000786f00000, 0x00000007c0000000)
  eden space 65536K, 0% used [0x0000000781800000,0x0000000781800000,0x0000000785800000)
  from space 10240K, 0% used [0x0000000786300000,0x0000000786300000,0x0000000786d00000)
  to   space 11264K, 0% used [0x0000000785800000,0x0000000785800000,0x0000000786300000)
 ParOldGen       total 64000K, used 9286K [0x0000000704800000, 0x0000000708680000, 0x0000000781800000)
  object space 64000K, 14% used [0x0000000704800000,0x0000000705111aa0,0x0000000708680000)
 Metaspace       used 20662K, capacity 21014K, committed 21248K, reserved 1067008K
  class space    used 2910K, capacity 3049K, committed 3072K, reserved 1048576K
}
Event: 10.526 GC heap before
{Heap before GC invocations=8 (full 1):
 PSYoungGen      total 75776K, used 65536K [0x0000000781800000, 0x0000000786f00000, 0x00000007c0000000)
  eden space 65536K, 100% used [0x0000000781800000,0x0000000785800000,0x0000000785800000)
  from space 10240K, 0% used [0x0000000786300000,0x0000000786300000,0x0000000786d00000)
  to   space 11264K, 0% used [0x0000000785800000,0x0000000785800000,0x0000000786300000)
 ParOldGen       total 64000K, used 9286K [0x0000000704800000, 0x0000000708680000, 0x0000000781800000)
  object space 64000K, 14% used [0x0000000704800000,0x0000000705111aa0,0x0000000708680000)
 Metaspace       used 27982K, capacity 28462K, committed 28928K, reserved 1075200K
  class space    used 3808K, capacity 3969K, committed 4096K, reserved 1048576K
Event: 10.551 GC heap after
Heap after GC invocations=8 (full 1):
 PSYoungGen      total 76800K, used 8396K [0x0000000781800000, 0x0000000788c00000, 0x00000007c0000000)
  eden space 65536K, 0% used [0x0000000781800000,0x0000000781800000,0x0000000785800000)
  from space 11264K, 74% used [0x0000000785800000,0x00000007860330a0,0x0000000786300000)
  to   space 11776K, 0% used [0x0000000788080000,0x0000000788080000,0x0000000788c00000)
 ParOldGen       total 64000K, used 9294K [0x0000000704800000, 0x0000000708680000, 0x0000000781800000)
  object space 64000K, 14% used [0x0000000704800000,0x0000000705113aa0,0x0000000708680000)
 Metaspace       used 27982K, capacity 28462K, committed 28928K, reserved 1075200K
  class space    used 3808K, capacity 3969K, committed 4096K, reserved 1048576K
}
Event: 11.822 GC heap before
{Heap before GC invocations=9 (full 1):
 PSYoungGen      total 76800K, used 73932K [0x0000000781800000, 0x0000000788c00000, 0x00000007c0000000)
  eden space 65536K, 100% used [0x0000000781800000,0x0000000785800000,0x0000000785800000)
  from space 11264K, 74% used [0x0000000785800000,0x00000007860330a0,0x0000000786300000)
  to   space 11776K, 0% used [0x0000000788080000,0x0000000788080000,0x0000000788c00000)
 ParOldGen       total 64000K, used 9294K [0x0000000704800000, 0x0000000708680000, 0x0000000781800000)
  object space 64000K, 14% used [0x0000000704800000,0x0000000705113aa0,0x0000000708680000)
 Metaspace       used 31329K, capacity 31838K, committed 32128K, reserved 1077248K
  class space    used 4274K, capacity 4430K, committed 4480K, reserved 1048576K
Event: 11.841 GC heap after
Heap after GC invocations=9 (full 1):
 PSYoungGen      total 106496K, used 9276K [0x0000000781800000, 0x0000000788c80000, 0x00000007c0000000)
  eden space 94720K, 0% used [0x0000000781800000,0x0000000781800000,0x0000000787480000)
  from space 11776K, 78% used [0x0000000788080000,0x000000078898f210,0x0000000788c00000)
  to   space 12288K, 0% used [0x0000000787480000,0x0000000787480000,0x0000000788080000)
 ParOldGen       total 64000K, used 9302K [0x0000000704800000, 0x0000000708680000, 0x0000000781800000)
  object space 64000K, 14% used [0x0000000704800000,0x0000000705115aa0,0x0000000708680000)
 Metaspace       used 31329K, capacity 31838K, committed 32128K, reserved 1077248K
  class space    used 4274K, capacity 4430K, committed 4480K, reserved 1048576K
}
Event: 13.663 GC heap before
{Heap before GC invocations=10 (full 1):
 PSYoungGen      total 106496K, used 77428K [0x0000000781800000, 0x0000000788c80000, 0x00000007c0000000)
  eden space 94720K, 71% used [0x0000000781800000,0x0000000785a8dec8,0x0000000787480000)
  from space 11776K, 78% used [0x0000000788080000,0x000000078898f210,0x0000000788c00000)
  to   space 12288K, 0% used [0x0000000787480000,0x0000000787480000,0x0000000788080000)
 ParOldGen       total 64000K, used 9302K [0x0000000704800000, 0x0000000708680000, 0x0000000781800000)
  object space 64000K, 14% used [0x0000000704800000,0x0000000705115aa0,0x0000000708680000)
 Metaspace       used 34589K, capacity 35334K, committed 35416K, reserved 1079296K
  class space    used 4720K, capacity 4937K, committed 4992K, reserved 1048576K
Event: 13.688 GC heap after
Heap after GC invocations=10 (full 1):
 PSYoungGen      total 107008K, used 12281K [0x0000000781800000, 0x000000078a880000, 0x00000007c0000000)
  eden space 94720K, 0% used [0x0000000781800000,0x0000000781800000,0x0000000787480000)
  from space 12288K, 99% used [0x0000000787480000,0x000000078807e4b8,0x0000000788080000)
  to   space 14336K, 0% used [0x0000000789a80000,0x0000000789a80000,0x000000078a880000)
 ParOldGen       total 64000K, used 10245K [0x0000000704800000, 0x0000000708680000, 0x0000000781800000)
  object space 64000K, 16% used [0x0000000704800000,0x00000007052017e8,0x0000000708680000)
 Metaspace       used 34589K, capacity 35334K, committed 35416K, reserved 1079296K
  class space    used 4720K, capacity 4937K, committed 4992K, reserved 1048576K
}
Event: 13.688 GC heap before
{Heap before GC invocations=11 (full 2):
 PSYoungGen      total 107008K, used 12281K [0x0000000781800000, 0x000000078a880000, 0x00000007c0000000)
  eden space 94720K, 0% used [0x0000000781800000,0x0000000781800000,0x0000000787480000)
  from space 12288K, 99% used [0x0000000787480000,0x000000078807e4b8,0x0000000788080000)
  to   space 14336K, 0% used [0x0000000789a80000,0x0000000789a80000,0x000000078a880000)
 ParOldGen       total 64000K, used 10245K [0x0000000704800000, 0x0000000708680000, 0x0000000781800000)
  object space 64000K, 16% used [0x0000000704800000,0x00000007052017e8,0x0000000708680000)
 Metaspace       used 34589K, capacity 35334K, committed 35416K, reserved 1079296K
  class space    used 4720K, capacity 4937K, committed 4992K, reserved 1048576K
Event: 13.809 GC heap after
Heap after GC invocations=11 (full 2):
 PSYoungGen      total 107008K, used 0K [0x0000000781800000, 0x000000078a880000, 0x00000007c0000000)
  eden space 94720K, 0% used [0x0000000781800000,0x0000000781800000,0x0000000787480000)
  from space 12288K, 0% used [0x0000000787480000,0x0000000787480000,0x0000000788080000)
  to   space 14336K, 0% used [0x0000000789a80000,0x0000000789a80000,0x000000078a880000)
 ParOldGen       total 102912K, used 19964K [0x0000000704800000, 0x000000070ac80000, 0x0000000781800000)
  object space 102912K, 19% used [0x0000000704800000,0x0000000705b7f360,0x000000070ac80000)
 Metaspace       used 34585K, capacity 35322K, committed 35416K, reserved 1079296K
  class space    used 4719K, capacity 4935K, committed 4992K, reserved 1048576K
}

Deoptimization events (10 events):
Event: 16.228 Thread 0x000000001db69800 Uncommon trap: reason=unstable_if action=reinterpret pc=0x0000000003787dd0 method=java.util.regex.Pattern.has(I)Z @ 6
Event: 16.342 Thread 0x000000001db69800 Uncommon trap: reason=bimorphic action=maybe_recompile pc=0x0000000003a67b98 method=java.util.AbstractCollection.addAll(Ljava/util/Collection;)Z @ 29
Event: 16.459 Thread 0x000000001db69800 Uncommon trap: reason=bimorphic action=maybe_recompile pc=0x0000000003e6eaf0 method=java.util.regex.Pattern$CharProperty.match(Ljava/util/regex/Matcher;ILjava/lang/CharSequence;)Z @ 18
Event: 16.459 Thread 0x000000001db69800 Uncommon trap: reason=bimorphic action=maybe_recompile pc=0x0000000003e6eaf0 method=java.util.regex.Pattern$CharProperty.match(Ljava/util/regex/Matcher;ILjava/lang/CharSequence;)Z @ 18
Event: 16.459 Thread 0x000000001db69800 Uncommon trap: reason=bimorphic action=maybe_recompile pc=0x0000000003e6eaf0 method=java.util.regex.Pattern$CharProperty.match(Ljava/util/regex/Matcher;ILjava/lang/CharSequence;)Z @ 18
Event: 16.459 Thread 0x000000001db69800 Uncommon trap: reason=bimorphic action=maybe_recompile pc=0x0000000003e6eaf0 method=java.util.regex.Pattern$CharProperty.match(Ljava/util/regex/Matcher;ILjava/lang/CharSequence;)Z @ 18
Event: 16.466 Thread 0x000000001db69800 Uncommon trap: reason=unstable_if action=reinterpret pc=0x0000000003e13904 method=java.security.CodeSource.hashCode()I @ 4
Event: 16.466 Thread 0x000000001db69800 Uncommon trap: reason=unstable_if action=reinterpret pc=0x0000000003ccc6ac method=java.security.CodeSource.hashCode()I @ 4
Event: 16.482 Thread 0x000000001db69800 Uncommon trap: reason=unstable_if action=reinterpret pc=0x0000000003d832a8 method=jdk.internal.org.objectweb.asm.Type.getArgumentsAndReturnSizes(Ljava/lang/String;)I @ 47
Event: 17.259 Thread 0x000000001db69800 Uncommon trap: reason=range_check action=make_not_entrant pc=0x0000000003caab84 method=java.lang.String.charAt(I)C @ 27

Classes redefined (0 events):
No events

Internal exceptions (10 events):
Event: 14.655 Thread 0x000000001db69800 Exception <a 'java/security/PrivilegedActionException'> (0x000000078263b660) thrown at [C:\src\AOSP-openjdk-git\hotspot\src\share\vm\prims\jvm.cpp, line 1502]
Event: 14.658 Thread 0x000000001db69800 Exception <a 'java/security/PrivilegedActionException'> (0x000000078264adb8) thrown at [C:\src\AOSP-openjdk-git\hotspot\src\share\vm\prims\jvm.cpp, line 1502]
Event: 14.658 Thread 0x000000001db69800 Exception <a 'java/security/PrivilegedActionException'> (0x000000078264c0f0) thrown at [C:\src\AOSP-openjdk-git\hotspot\src\share\vm\prims\jvm.cpp, line 1502]
Event: 14.658 Thread 0x000000001db69800 Exception <a 'java/security/PrivilegedActionException'> (0x000000078264fc08) thrown at [C:\src\AOSP-openjdk-git\hotspot\src\share\vm\prims\jvm.cpp, line 1502]
Event: 14.658 Thread 0x000000001db69800 Exception <a 'java/security/PrivilegedActionException'> (0x0000000782650f40) thrown at [C:\src\AOSP-openjdk-git\hotspot\src\share\vm\prims\jvm.cpp, line 1502]
Event: 14.659 Thread 0x000000001db69800 Exception <a 'java/security/PrivilegedActionException'> (0x0000000782654d18) thrown at [C:\src\AOSP-openjdk-git\hotspot\src\share\vm\prims\jvm.cpp, line 1502]
Event: 14.659 Thread 0x000000001db69800 Exception <a 'java/security/PrivilegedActionException'> (0x0000000782656050) thrown at [C:\src\AOSP-openjdk-git\hotspot\src\share\vm\prims\jvm.cpp, line 1502]
Event: 15.940 Thread 0x000000001db69800 Exception <a 'java/lang/ClassNotFoundException': build_7jhkjnssd4t9dcgfiuryfqdzeBeanInfo> (0x0000000783962f10) thrown at [C:\src\AOSP-openjdk-git\hotspot\src\share\vm\classfile\systemDictionary.cpp, line 210]
Event: 15.941 Thread 0x000000001db69800 Exception <a 'java/lang/ClassNotFoundException': build_7jhkjnssd4t9dcgfiuryfqdzeCustomizer> (0x0000000783973c10) thrown at [C:\src\AOSP-openjdk-git\hotspot\src\share\vm\classfile\systemDictionary.cpp, line 210]
Event: 17.049 Thread 0x000000001db69800 Exception <a 'sun/nio/fs/WindowsException'> (0x0000000785b9a898) thrown at [C:\src\AOSP-openjdk-git\hotspot\src\share\vm\prims\jni.cpp, line 710]

Events (10 events):
Event: 17.369 loading class org/gradle/api/internal/TaskInputsInternal
Event: 17.369 loading class org/gradle/api/internal/TaskInputsInternal done
Event: 17.369 loading class org/gradle/api/internal/TaskOutputsInternal
Event: 17.369 loading class org/gradle/api/internal/TaskOutputsInternal done
Event: 17.370 loading class org/gradle/api/tasks/TaskDestroyables
Event: 17.370 loading class org/gradle/api/tasks/TaskDestroyables done
Event: 17.370 loading class org/gradle/api/internal/tasks/TaskLocalStateInternal
Event: 17.370 loading class org/gradle/api/internal/tasks/TaskLocalStateInternal done
Event: 17.370 loading class org/gradle/api/tasks/TaskLocalState
Event: 17.370 loading class org/gradle/api/tasks/TaskLocalState done


Dynamic libraries:
0x00007ff7512c0000 - 0x00007ff7512f1000 	C:\Program Files\Android\Android Studio1\jre\bin\java.exe
0x00007ff9a1f00000 - 0x00007ff9a20f0000 	C:\WINDOWS\SYSTEM32\ntdll.dll
0x00007ff9a1630000 - 0x00007ff9a16e2000 	C:\WINDOWS\System32\KERNEL32.DLL
0x00007ff99f0d0000 - 0x00007ff99f375000 	C:\WINDOWS\System32\KERNELBASE.dll
0x00007ff9a16f0000 - 0x00007ff9a1793000 	C:\WINDOWS\System32\ADVAPI32.dll
0x00007ff9a1be0000 - 0x00007ff9a1c7e000 	C:\WINDOWS\System32\msvcrt.dll
0x00007ff9a1c80000 - 0x00007ff9a1d17000 	C:\WINDOWS\System32\sechost.dll
0x00007ff9a14a0000 - 0x00007ff9a15bf000 	C:\WINDOWS\System32\RPCRT4.dll
0x00007ff9a1d20000 - 0x00007ff9a1eb4000 	C:\WINDOWS\System32\USER32.dll
0x00007ff99efa0000 - 0x00007ff99efc1000 	C:\WINDOWS\System32\win32u.dll
0x00007ff9a0090000 - 0x00007ff9a00b6000 	C:\WINDOWS\System32\GDI32.dll
0x00007ff99fe70000 - 0x00007ff9a0008000 	C:\WINDOWS\System32\gdi32full.dll
0x00007ff99f380000 - 0x00007ff99f41e000 	C:\WINDOWS\System32\msvcp_win.dll
0x00007ff99fd10000 - 0x00007ff99fe0a000 	C:\WINDOWS\System32\ucrtbase.dll
0x00007ff98be00000 - 0x00007ff98c084000 	C:\WINDOWS\WinSxS\amd64_microsoft.windows.common-controls_6595b64144ccf1df_6.0.18362.1316_none_9e7a364fe461dbd7\COMCTL32.dll
0x00007ff9a0700000 - 0x00007ff9a0a37000 	C:\WINDOWS\System32\combase.dll
0x00007ff99ef10000 - 0x00007ff99ef91000 	C:\WINDOWS\System32\bcryptPrimitives.dll
0x00007ff9a1390000 - 0x00007ff9a13be000 	C:\WINDOWS\System32\IMM32.DLL
0x00000000596c0000 - 0x0000000059792000 	C:\Program Files\Android\Android Studio1\jre\jre\bin\msvcr100.dll
0x0000000059880000 - 0x000000005a0cb000 	C:\Program Files\Android\Android Studio1\jre\jre\bin\server\jvm.dll
0x00007ff9a1130000 - 0x00007ff9a1138000 	C:\WINDOWS\System32\PSAPI.DLL
0x00007ff989600000 - 0x00007ff989609000 	C:\WINDOWS\SYSTEM32\WSOCK32.dll
0x00007ff9993e0000 - 0x00007ff999404000 	C:\WINDOWS\SYSTEM32\WINMM.dll
0x00007ff9a15c0000 - 0x00007ff9a162f000 	C:\WINDOWS\System32\WS2_32.dll
0x00007ff994990000 - 0x00007ff99499a000 	C:\WINDOWS\SYSTEM32\VERSION.dll
0x00007ff9993b0000 - 0x00007ff9993dd000 	C:\WINDOWS\SYSTEM32\WINMMBASE.dll
0x00007ff99f080000 - 0x00007ff99f0ca000 	C:\WINDOWS\System32\cfgmgr32.dll
0x00007ff994e60000 - 0x00007ff994e6f000 	C:\Program Files\Android\Android Studio1\jre\jre\bin\verify.dll
0x00007ff948ad0000 - 0x00007ff948af9000 	C:\Program Files\Android\Android Studio1\jre\jre\bin\java.dll
0x00007ff96c190000 - 0x00007ff96c1a6000 	C:\Program Files\Android\Android Studio1\jre\jre\bin\zip.dll
0x00007ff9a0a40000 - 0x00007ff9a1128000 	C:\WINDOWS\System32\SHELL32.dll
0x00007ff9a1b30000 - 0x00007ff9a1bd7000 	C:\WINDOWS\System32\shcore.dll
0x00007ff99f420000 - 0x00007ff99fb9b000 	C:\WINDOWS\System32\windows.storage.dll
0x00007ff99ee90000 - 0x00007ff99eeb3000 	C:\WINDOWS\System32\profapi.dll
0x00007ff99ee40000 - 0x00007ff99ee8a000 	C:\WINDOWS\System32\powrprof.dll
0x00007ff99ee10000 - 0x00007ff99ee20000 	C:\WINDOWS\System32\UMPDC.dll
0x00007ff9a1280000 - 0x00007ff9a12d2000 	C:\WINDOWS\System32\shlwapi.dll
0x00007ff99ee20000 - 0x00007ff99ee31000 	C:\WINDOWS\System32\kernel.appcore.dll
0x00007ff99fba0000 - 0x00007ff99fbb7000 	C:\WINDOWS\System32\cryptsp.dll
0x00007ff948da0000 - 0x00007ff948dba000 	C:\Program Files\Android\Android Studio1\jre\jre\bin\net.dll
0x00007ff99e5f0000 - 0x00007ff99e657000 	C:\WINDOWS\system32\mswsock.dll
0x00007ff948ab0000 - 0x00007ff948ac3000 	C:\Program Files\Android\Android Studio1\jre\jre\bin\nio.dll
0x00007ff997cf0000 - 0x00007ff997d16000 	C:\Users\Lewis\.gradle\native\30\windows-amd64\native-platform.dll
0x00007ff96c6c0000 - 0x00007ff96c6cd000 	C:\Program Files\Android\Android Studio1\jre\jre\bin\management.dll
0x00007ff99e170000 - 0x00007ff99e1a3000 	C:\WINDOWS\system32\rsaenh.dll
0x00007ff99eee0000 - 0x00007ff99ef06000 	C:\WINDOWS\System32\bcrypt.dll
0x00007ff99ed30000 - 0x00007ff99ed55000 	C:\WINDOWS\SYSTEM32\USERENV.dll
0x00007ff99e820000 - 0x00007ff99e82c000 	C:\WINDOWS\SYSTEM32\CRYPTBASE.dll
0x00007ff99e300000 - 0x00007ff99e33a000 	C:\WINDOWS\SYSTEM32\IPHLPAPI.DLL
0x00007ff9a19e0000 - 0x00007ff9a19e8000 	C:\WINDOWS\System32\NSI.dll
0x00007ff98d4d0000 - 0x00007ff98d4e6000 	C:\WINDOWS\SYSTEM32\dhcpcsvc6.DLL
0x00007ff98ed00000 - 0x00007ff98ed1c000 	C:\WINDOWS\SYSTEM32\dhcpcsvc.DLL
0x00007ff99e340000 - 0x00007ff99e40b000 	C:\WINDOWS\SYSTEM32\DNSAPI.dll

VM Arguments:
jvm_args: -Xmx3000M -Dfile.encoding=windows-1252 -Duser.country=US -Duser.language=en -Duser.variant 
java_command: org.gradle.launcher.daemon.bootstrap.GradleDaemon 5.6.2
java_class_path (initial): C:\Users\Lewis\.gradle\wrapper\dists\gradle-5.6.2-all\9st6wgf78h16so49nn74lgtbb\gradle-5.6.2\lib\gradle-launcher-5.6.2.jar
Launcher Type: SUN_STANDARD

Environment Variables:
JAVA_HOME=C:\Program Files\Android\Android Studio1\jre
CLASSPATH=D:\LEWY\Dev\Projects\ROUGH\Flutter\cryptoboard\android\\gradle\wrapper\gradle-wrapper.jar
PATH=C:\Program Files\ImageMagick-7.0.10-Q16-HDRI;C:\Program Files (x86)\NVIDIA Corporation\PhysX\Common;C:\WINDOWS\system32;C:\WINDOWS;C:\WINDOWS\System32\Wbem;C:\WINDOWS\System32\WindowsPowerShell\v1.0\;C:\WINDOWS\System32\OpenSSH\;C:\Program Files\Java\jdk-13.0.2\bin;C:\Program Files\Git\cmd;C:\Program Files\nodejs\;C:\ProgramData\chocolatey\bin;C:\Users\Lewis\AppData\Local\Programs\Python\Python38-32\Lib\site-packages\django\bin;C:\Users\Lewis\AppData\Local\Programs\Python\Python38-32\Scripts\;C:\Users\Lewis\AppData\Local\Programs\Python\Python38-32\;C:\Users\Lewis\AppData\Local\Programs\Microsoft VS Code\bin;C:\Users\Lewis\AppData\Local\GitHubDesktop\bin;C:\src\flutter\bin;C:\Users\Lewis\AppData\Roaming\npm;C:\Users\Lewis\AppData\Roaming\Pub\Cache\bin;C:\Program Files\JetBrains\PyCharm 2020.1.2\bin;C:\Program Files\JetBrains\PyCharm Community Edition 2020.1.2\bin;C:\adb;C:\Program Files (x86)\dotnet\;C:\Program Files\dotnet\;C:\Users\Lewis\AppData\Local\Programs\Python\Python38-32\Scripts\;C:\Users\Lewis\AppData\Local\Programs\Python\Python38-32\;C:\Users\Lewis\AppData\Local\Programs\Microsoft VS Code\bin;C:\Users\Lewis\AppData\Local\GitHubDesktop\bin;C:\src\flutter\bin;C:\Users\Lewis\AppData\Roaming\npm;C:\tools\dart-sdk\bin;C:\Users\Lewis\AppData\Roaming\Pub\Cache\bin;C:\Program Files\JetBrains\PyCharm 2020.1.2\bin;;C:\Program Files\JetBrains\PyCharm Community Edition 2020.1.2\bin;;C:\Program Files\Java\jdk-13.0.2\bin;C:\Users\Lewis\.dotnet\tools;C:\src\flutter\bin\mingit\cmd
USERNAME=Lewis
OS=Windows_NT
PROCESSOR_IDENTIFIER=Intel64 Family 6 Model 78 Stepping 3, GenuineIntel



---------------  S Y S T E M  ---------------

OS: Windows 10.0 , 64 bit Build 18362 (10.0.18362.1316)

CPU:total 4 (initial active 4) (2 cores per cpu, 2 threads per core) family 6 model 78 stepping 3, cmov, cx8, fxsr, mmx, sse, sse2, sse3, ssse3, sse4.1, sse4.2, popcnt, avx, avx2, aes, clmul, erms, rtm, 3dnowpref, lzcnt, ht, tsc, tscinvbit, bmi1, bmi2, adx

Memory: 4k page, physical 8265384k(468284k free), swap 12164776k(4376k free)

vm_info: OpenJDK 64-Bit Server VM (25.242-b01) for windows-amd64 JRE (1.8.0_242-release-1644-b01), built by "builder" with MS VC++ 10.0 (VS2010)

time: Mon Feb 15 01:10:53 2021
timezone: E. Africa Standard Time
elapsed time: 17 seconds (0d 0h 0m 17s)

