#
# There is insufficient memory for the Java Runtime Environment to continue.
# Native memory allocation (malloc) failed to allocate 1084976 bytes for Chunk::new
# Possible reasons:
#   The system is out of physical RAM or swap space
#   The process is running with CompressedOops enabled, and the Java Heap may be blocking the growth of the native heap
# Possible solutions:
#   Reduce memory load on the system
#   Increase physical memory or swap space
#   Check if swap backing store is full
#   Decrease Java heap size (-Xmx/-Xms)
#   Decrease number of Java threads
#   Decrease Java thread stack sizes (-Xss)
#   Set larger code cache with -XX:ReservedCodeCacheSize=
#   JVM is running with Unscaled Compressed Oops mode in which the Java heap is
#     placed in the first 4GB address space. The Java Heap base address is the
#     maximum limit for the native heap growth. Please use -XX:HeapBaseMinAddress
#     to set the Java Heap base and to place the Java Heap above 4GB virtual address.
# This output file may be truncated or incomplete.
#
#  Out of Memory Error (allocation.cpp:389), pid=32060, tid=0x000000000000d0f8
#
# JRE version: OpenJDK Runtime Environment (8.0_242-b01) (build 1.8.0_242-release-1644-b01)
# Java VM: OpenJDK 64-Bit Server VM (25.242-b01 mixed mode windows-amd64 compressed oops)
# Failed to write core dump. Minidumps are not enabled by default on client versions of Windows
#

---------------  T H R E A D  ---------------

Current thread (0x0000000017a4e800):  JavaThread "C2 CompilerThread1" daemon [_thread_in_native, id=53496, stack(0x00000000191a0000,0x00000000192a0000)]

Stack: [0x00000000191a0000,0x00000000192a0000]
[error occurred during error reporting (printing stack bounds), id 0xc0000005]

Native frames: (J=compiled Java code, j=interpreted, Vv=VM code, C=native code)


Current CompileTask:
C2:1342485 33532       4       org.gradle.api.internal.artifacts.ivyservice.resolveengine.artifact.DefaultArtifactSet::singleVariant (53 bytes)


---------------  P R O C E S S  ---------------

Java Threads: ( => current thread )
  0x000000001e6a0000 JavaThread "Cache worker for file content cache (D:\LEWY\Dev\Projects\ROUGH\Flutter\cryptoboard\android\.gradle\5.6.2\fileContent)" [_thread_blocked, id=51720, stack(0x0000000023b40000,0x0000000023c40000)]
  0x000000001e69b800 JavaThread "Cache worker for Build Output Cleanup Cache (D:\LEWY\Dev\Projects\ROUGH\Flutter\cryptoboard\android\.gradle\buildOutputCleanup)" [_thread_blocked, id=88020, stack(0x0000000023240000,0x0000000023340000)]
  0x000000001e699800 JavaThread "Build operations Thread 4" [_thread_blocked, id=31432, stack(0x0000000023140000,0x0000000023240000)]
  0x000000001f563000 JavaThread "Build operations Thread 3" [_thread_blocked, id=7480, stack(0x0000000021ff0000,0x00000000220f0000)]
  0x000000001f55a800 JavaThread "Build operations Thread 2" [_thread_blocked, id=6104, stack(0x0000000021ef0000,0x0000000021ff0000)]
  0x000000001f561800 JavaThread "Build operations" [_thread_blocked, id=87288, stack(0x0000000021490000,0x0000000021590000)]
  0x000000001f559000 JavaThread "Cache worker for cache directory md-rule (C:\Users\Lewis\.gradle\caches\5.6.2\md-rule)" [_thread_blocked, id=87228, stack(0x00000000202f0000,0x00000000203f0000)]
  0x000000001f558800 JavaThread "Cache worker for cache directory md-supplier (C:\Users\Lewis\.gradle\caches\5.6.2\md-supplier)" [_thread_blocked, id=28164, stack(0x000000001ff60000,0x0000000020060000)]
  0x000000001f55f000 JavaThread "Cache worker for file hash cache (D:\LEWY\Dev\Projects\ROUGH\Flutter\cryptoboard\android\.gradle\5.6.2\fileHashes)" [_thread_blocked, id=36856, stack(0x000000001d2c0000,0x000000001d3c0000)]
  0x000000001f557800 JavaThread "Thread-40" [_thread_blocked, id=4204, stack(0x000000001d1c0000,0x000000001d2c0000)]
  0x000000001f556000 JavaThread "Stdin handler" [_thread_blocked, id=17996, stack(0x000000001d0c0000,0x000000001d1c0000)]
  0x000000001f555800 JavaThread "Asynchronous log dispatcher for DefaultDaemonConnection: socket connection from /127.0.0.1:51548 to /127.0.0.1:51866" [_thread_blocked, id=22492, stack(0x000000001cfc0000,0x000000001d0c0000)]
  0x000000001e3ac000 JavaThread "Daemon worker Thread 2" [_thread_in_Java, id=18904, stack(0x000000001cec0000,0x000000001cfc0000)]
  0x000000001e3ab000 JavaThread "Cancel handler" [_thread_blocked, id=14956, stack(0x000000001cbc0000,0x000000001ccc0000)]
  0x000000001e3aa800 JavaThread "Handler for socket connection from /127.0.0.1:51548 to /127.0.0.1:51866" [_thread_in_native, id=27248, stack(0x000000001cac0000,0x000000001cbc0000)]
  0x000000001e3a2000 JavaThread "Daemon Thread 2" [_thread_blocked, id=11256, stack(0x0000000001360000,0x0000000001460000)]
  0x000000001f560000 JavaThread "Cache worker for Java compile cache (C:\Users\Lewis\.gradle\caches\5.6.2\javaCompile)" [_thread_blocked, id=60688, stack(0x0000000001260000,0x0000000001360000)]
  0x000000001f560800 JavaThread "RMI Reaper" [_thread_blocked, id=60028, stack(0x0000000028600000,0x0000000028700000)]
  0x000000001f557000 JavaThread "RMI TCP Accept-0" daemon [_thread_in_native, id=3192, stack(0x0000000028500000,0x0000000028600000)]
  0x000000001f55d800 JavaThread "GC Daemon" daemon [_thread_blocked, id=57564, stack(0x0000000027700000,0x0000000027800000)]
  0x000000001f55c000 JavaThread "RMI Scheduler(0)" daemon [_thread_blocked, id=59692, stack(0x0000000001460000,0x0000000001560000)]
  0x000000001b4e0800 JavaThread "Cache worker for file content cache (C:\Users\Lewis\.gradle\caches\5.6.2\fileContent)" [_thread_blocked, id=27844, stack(0x0000000026600000,0x0000000026700000)]
  0x000000001e6a4000 JavaThread "Memory manager" [_thread_blocked, id=53216, stack(0x0000000026100000,0x0000000026200000)]
  0x000000001e69f800 JavaThread "Cache worker for execution history cache (C:\Users\Lewis\.gradle\caches\5.6.2\executionHistory)" [_thread_blocked, id=13852, stack(0x0000000021bf0000,0x0000000021cf0000)]
  0x000000001b498800 JavaThread "Cache worker for journal cache (C:\Users\Lewis\.gradle\caches\journal-1)" [_thread_blocked, id=84092, stack(0x000000001d5c0000,0x000000001d6c0000)]
  0x000000001b497800 JavaThread "File lock request listener" [_thread_in_native, id=1060, stack(0x000000001d4c0000,0x000000001d5c0000)]
  0x000000001b497000 JavaThread "Cache worker for file hash cache (C:\Users\Lewis\.gradle\caches\5.6.2\fileHashes)" [_thread_blocked, id=53556, stack(0x000000001d3c0000,0x000000001d4c0000)]
  0x000000001b461000 JavaThread "Daemon periodic checks" [_thread_blocked, id=28256, stack(0x000000001c9c0000,0x000000001cac0000)]
  0x000000001b416000 JavaThread "Incoming local TCP Connector on port 51548" [_thread_in_native, id=53532, stack(0x000000001c780000,0x000000001c880000)]
  0x000000001946d800 JavaThread "Daemon health stats" [_thread_blocked, id=24628, stack(0x000000001c140000,0x000000001c240000)]
  0x00000000193cb800 JavaThread "Service Thread" daemon [_thread_blocked, id=55436, stack(0x00000000197a0000,0x00000000198a0000)]
  0x0000000017a57000 JavaThread "C1 CompilerThread2" daemon [_thread_blocked, id=53396, stack(0x00000000192a0000,0x00000000193a0000)]
=>0x0000000017a4e800 JavaThread "C2 CompilerThread1" daemon [_thread_in_native, id=53496, stack(0x00000000191a0000,0x00000000192a0000)]
  0x0000000017a4b000 JavaThread "C2 CompilerThread0" daemon [_thread_in_native, id=53400, stack(0x00000000190a0000,0x00000000191a0000)]
  0x0000000017a49800 JavaThread "Attach Listener" daemon [_thread_blocked, id=50740, stack(0x0000000018fa0000,0x00000000190a0000)]
  0x0000000017a46800 JavaThread "Signal Dispatcher" daemon [_thread_blocked, id=53488, stack(0x0000000018ea0000,0x0000000018fa0000)]
  0x0000000002fdd000 JavaThread "Finalizer" daemon [_thread_blocked, id=50700, stack(0x0000000018ca0000,0x0000000018da0000)]
  0x0000000017a29000 JavaThread "Reference Handler" daemon [_thread_blocked, id=18860, stack(0x0000000018ba0000,0x0000000018ca0000)]
  0x0000000002ee2800 JavaThread "main" [_thread_blocked, id=29280, stack(0x0000000002dc0000,0x0000000002ec0000)]

Other Threads:
  0x0000000017a07800 VMThread [stack: 0x0000000018aa0000,0x0000000018ba0000] [id=55360]
  0x00000000193ce000 WatcherThread [stack: 0x00000000198a0000,0x00000000199a0000] [id=49352]

VM state:not at safepoint (normal execution)

VM Mutex/Monitor currently owned by a thread: None

heap address: 0x0000000083000000, size: 2000 MB, Compressed Oops mode: 32-bit
Narrow klass base: 0x0000000000000000, Narrow klass shift: 3
Compressed class space size: 1073741824 Address: 0x0000000100000000

Heap:
 PSYoungGen      total 565248K, used 465869K [0x00000000d6580000, 0x00000000ff700000, 0x0000000100000000)
  eden space 465408K, 91% used [0x00000000d6580000,0x00000000f05066f8,0x00000000f2c00000)
  from space 99840K, 40% used [0x00000000f9580000,0x00000000fbced040,0x00000000ff700000)
  to   space 103936K, 0% used [0x00000000f2c00000,0x00000000f2c00000,0x00000000f9180000)
 ParOldGen       total 683008K, used 433767K [0x0000000083000000, 0x00000000acb00000, 0x00000000d6580000)
  object space 683008K, 63% used [0x0000000083000000,0x000000009d799f90,0x00000000acb00000)
 Metaspace       used 136956K, capacity 145086K, committed 145240K, reserved 1175552K
  class space    used 16853K, capacity 18499K, committed 18560K, reserved 1048576K

Card table byte_map: [0x00000000123a0000,0x0000000012790000] byte_map_base: 0x0000000011f88000

Marking Bits: (ParMarkBitMap*) 0x00000000619af030
 Begin Bits: [0x0000000012e30000, 0x0000000014d70000)
 End Bits:   [0x0000000014d70000, 0x0000000016cb0000)

Polling page: 0x0000000001100000

CodeCache: size=245760Kb used=87841Kb max_used=87853Kb free=157919Kb
 bounds [0x0000000002fe0000, 0x0000000008620000, 0x0000000011fe0000]
 total_blobs=26863 nmethods=25856 adapters=917
 compilation: enabled

Compilation events (10 events):
Event: 1342.380 Thread 0x0000000017a4b000 nmethod 33543 0x00000000085f6050 code [0x00000000085f61c0, 0x00000000085f6458]
Event: 1342.380 Thread 0x0000000017a4b000 33539       4       org.gradle.api.internal.artifacts.repositories.resolver.AbstractDependenciesMetadataAdapter::get (88 bytes)
Event: 1342.417 Thread 0x0000000017a4b000 nmethod 33539 0x0000000008618210 code [0x0000000008618460, 0x0000000008619370]
Event: 1342.418 Thread 0x0000000017a4b000 33550       4       org.gradle.internal.reflect.JavaReflectionUtil::getWrapperTypeForPrimitiveType (101 bytes)
Event: 1342.419 Thread 0x0000000017a4b000 nmethod 33550 0x000000000860d8d0 code [0x000000000860da20, 0x000000000860dad8]
Event: 1342.419 Thread 0x0000000017a4b000 33540       4       org.gradle.api.internal.artifacts.repositories.resolver.AbstractDependenciesMetadataAdapter::get (6 bytes)
Event: 1342.420 Thread 0x0000000017a4b000 nmethod 33540 0x0000000005abe690 code [0x0000000005abe7e0, 0x0000000005abe868]
Event: 1342.420 Thread 0x0000000017a4b000 33551       4       org.gradle.internal.resolve.result.DefaultBuildableModuleComponentMetaDataResolveResult::setAuthoritative (10 bytes)
Event: 1342.421 Thread 0x0000000017a4b000 nmethod 33551 0x00000000061bbe10 code [0x00000000061bbf60, 0x00000000061bbff8]
Event: 1342.421 Thread 0x0000000017a4b000 33549       4       org.gradle.api.internal.artifacts.ivyservice.ivyresolve.CachingModuleComponentRepository$LocateInCacheRepositoryAccess::resolveComponentMetaDataFromCache (406 bytes)

GC Heap History (10 events):
Event: 329.017 GC heap before
{Heap before GC invocations=44 (full 6):
 PSYoungGen      total 527360K, used 412976K [0x00000000d6580000, 0x00000000ff300000, 0x0000000100000000)
  eden space 393728K, 100% used [0x00000000d6580000,0x00000000ee600000,0x00000000ee600000)
  from space 133632K, 14% used [0x00000000ee600000,0x00000000ef8cc070,0x00000000f6880000)
  to   space 126976K, 0% used [0x00000000f7700000,0x00000000f7700000,0x00000000ff300000)
 ParOldGen       total 683008K, used 430319K [0x0000000083000000, 0x00000000acb00000, 0x00000000d6580000)
  object space 683008K, 63% used [0x0000000083000000,0x000000009d43bf30,0x00000000acb00000)
 Metaspace       used 132236K, capacity 138964K, committed 139224K, reserved 1171456K
  class space    used 16367K, capacity 17832K, committed 17920K, reserved 1048576K
Event: 329.070 GC heap after
Heap after GC invocations=44 (full 6):
 PSYoungGen      total 542720K, used 17120K [0x00000000d6580000, 0x00000000fed80000, 0x0000000100000000)
  eden space 421376K, 0% used [0x00000000d6580000,0x00000000d6580000,0x00000000f0100000)
  from space 121344K, 14% used [0x00000000f7700000,0x00000000f87b8020,0x00000000fed80000)
  to   space 120832K, 0% used [0x00000000f0100000,0x00000000f0100000,0x00000000f7700000)
 ParOldGen       total 683008K, used 433735K [0x0000000083000000, 0x00000000acb00000, 0x00000000d6580000)
  object space 683008K, 63% used [0x0000000083000000,0x000000009d791f90,0x00000000acb00000)
 Metaspace       used 132236K, capacity 138964K, committed 139224K, reserved 1171456K
  class space    used 16367K, capacity 17832K, committed 17920K, reserved 1048576K
}
Event: 331.856 GC heap before
{Heap before GC invocations=45 (full 6):
 PSYoungGen      total 542720K, used 438496K [0x00000000d6580000, 0x00000000fed80000, 0x0000000100000000)
  eden space 421376K, 100% used [0x00000000d6580000,0x00000000f0100000,0x00000000f0100000)
  from space 121344K, 14% used [0x00000000f7700000,0x00000000f87b8020,0x00000000fed80000)
  to   space 120832K, 0% used [0x00000000f0100000,0x00000000f0100000,0x00000000f7700000)
 ParOldGen       total 683008K, used 433735K [0x0000000083000000, 0x00000000acb00000, 0x00000000d6580000)
  object space 683008K, 63% used [0x0000000083000000,0x000000009d791f90,0x00000000acb00000)
 Metaspace       used 132242K, capacity 138964K, committed 139224K, reserved 1171456K
  class space    used 16367K, capacity 17832K, committed 17920K, reserved 1048576K
Event: 331.917 GC heap after
Heap after GC invocations=45 (full 6):
 PSYoungGen      total 542208K, used 18512K [0x00000000d6580000, 0x00000000ff380000, 0x0000000100000000)
  eden space 421376K, 0% used [0x00000000d6580000,0x00000000d6580000,0x00000000f0100000)
  from space 120832K, 15% used [0x00000000f0100000,0x00000000f1314030,0x00000000f7700000)
  to   space 114688K, 0% used [0x00000000f8380000,0x00000000f8380000,0x00000000ff380000)
 ParOldGen       total 683008K, used 433743K [0x0000000083000000, 0x00000000acb00000, 0x00000000d6580000)
  object space 683008K, 63% used [0x0000000083000000,0x000000009d793f90,0x00000000acb00000)
 Metaspace       used 132242K, capacity 138964K, committed 139224K, reserved 1171456K
  class space    used 16367K, capacity 17832K, committed 17920K, reserved 1048576K
}
Event: 333.788 GC heap before
{Heap before GC invocations=46 (full 6):
 PSYoungGen      total 542208K, used 439888K [0x00000000d6580000, 0x00000000ff380000, 0x0000000100000000)
  eden space 421376K, 100% used [0x00000000d6580000,0x00000000f0100000,0x00000000f0100000)
  from space 120832K, 15% used [0x00000000f0100000,0x00000000f1314030,0x00000000f7700000)
  to   space 114688K, 0% used [0x00000000f8380000,0x00000000f8380000,0x00000000ff380000)
 ParOldGen       total 683008K, used 433743K [0x0000000083000000, 0x00000000acb00000, 0x00000000d6580000)
  object space 683008K, 63% used [0x0000000083000000,0x000000009d793f90,0x00000000acb00000)
 Metaspace       used 132408K, capacity 139182K, committed 139480K, reserved 1171456K
  class space    used 16386K, capacity 17851K, committed 17920K, reserved 1048576K
Event: 333.835 GC heap after
Heap after GC invocations=46 (full 6):
 PSYoungGen      total 555520K, used 19496K [0x00000000d6580000, 0x00000000fee00000, 0x0000000100000000)
  eden space 446464K, 0% used [0x00000000d6580000,0x00000000d6580000,0x00000000f1980000)
  from space 109056K, 17% used [0x00000000f8380000,0x00000000f968a1f8,0x00000000fee00000)
  to   space 108544K, 0% used [0x00000000f1980000,0x00000000f1980000,0x00000000f8380000)
 ParOldGen       total 683008K, used 433751K [0x0000000083000000, 0x00000000acb00000, 0x00000000d6580000)
  object space 683008K, 63% used [0x0000000083000000,0x000000009d795f90,0x00000000acb00000)
 Metaspace       used 132408K, capacity 139182K, committed 139480K, reserved 1171456K
  class space    used 16386K, capacity 17851K, committed 17920K, reserved 1048576K
}
Event: 340.130 GC heap before
{Heap before GC invocations=47 (full 6):
 PSYoungGen      total 555520K, used 464054K [0x00000000d6580000, 0x00000000fee00000, 0x0000000100000000)
  eden space 446464K, 99% used [0x00000000d6580000,0x00000000f17a3818,0x00000000f1980000)
  from space 109056K, 17% used [0x00000000f8380000,0x00000000f968a1f8,0x00000000fee00000)
  to   space 108544K, 0% used [0x00000000f1980000,0x00000000f1980000,0x00000000f8380000)
 ParOldGen       total 683008K, used 433751K [0x0000000083000000, 0x00000000acb00000, 0x00000000d6580000)
  object space 683008K, 63% used [0x0000000083000000,0x000000009d795f90,0x00000000acb00000)
 Metaspace       used 134120K, capacity 141322K, committed 141528K, reserved 1173504K
  class space    used 16569K, capacity 18103K, committed 18176K, reserved 1048576K
Event: 340.184 GC heap after
Heap after GC invocations=47 (full 6):
 PSYoungGen      total 555008K, used 51794K [0x00000000d6580000, 0x00000000fff80000, 0x0000000100000000)
  eden space 446464K, 0% used [0x00000000d6580000,0x00000000d6580000,0x00000000f1980000)
  from space 108544K, 47% used [0x00000000f1980000,0x00000000f4c14918,0x00000000f8380000)
  to   space 108544K, 0% used [0x00000000f9580000,0x00000000f9580000,0x00000000fff80000)
 ParOldGen       total 683008K, used 433759K [0x0000000083000000, 0x00000000acb00000, 0x00000000d6580000)
  object space 683008K, 63% used [0x0000000083000000,0x000000009d797f90,0x00000000acb00000)
 Metaspace       used 134120K, capacity 141322K, committed 141528K, reserved 1173504K
  class space    used 16569K, capacity 18103K, committed 18176K, reserved 1048576K
}
Event: 344.971 GC heap before
{Heap before GC invocations=48 (full 6):
 PSYoungGen      total 555008K, used 498258K [0x00000000d6580000, 0x00000000fff80000, 0x0000000100000000)
  eden space 446464K, 100% used [0x00000000d6580000,0x00000000f1980000,0x00000000f1980000)
  from space 108544K, 47% used [0x00000000f1980000,0x00000000f4c14918,0x00000000f8380000)
  to   space 108544K, 0% used [0x00000000f9580000,0x00000000f9580000,0x00000000fff80000)
 ParOldGen       total 683008K, used 433759K [0x0000000083000000, 0x00000000acb00000, 0x00000000d6580000)
  object space 683008K, 63% used [0x0000000083000000,0x000000009d797f90,0x00000000acb00000)
 Metaspace       used 135115K, capacity 142500K, committed 142680K, reserved 1173504K
  class space    used 16652K, capacity 18178K, committed 18304K, reserved 1048576K
Event: 345.032 GC heap after
Heap after GC invocations=48 (full 6):
 PSYoungGen      total 565248K, used 40372K [0x00000000d6580000, 0x00000000ff700000, 0x0000000100000000)
  eden space 465408K, 0% used [0x00000000d6580000,0x00000000d6580000,0x00000000f2c00000)
  from space 99840K, 40% used [0x00000000f9580000,0x00000000fbced040,0x00000000ff700000)
  to   space 103936K, 0% used [0x00000000f2c00000,0x00000000f2c00000,0x00000000f9180000)
 ParOldGen       total 683008K, used 433767K [0x0000000083000000, 0x00000000acb00000, 0x00000000d6580000)
  object space 683008K, 63% used [0x0000000083000000,0x000000009d799f90,0x00000000acb00000)
 Metaspace       used 135115K, capacity 142500K, committed 142680K, reserved 1173504K
  class space    used 16652K, capacity 18178K, committed 18304K, reserved 1048576K
}

Deoptimization events (10 events):
Event: 1337.219 Thread 0x000000001e3ac000 Uncommon trap: reason=class_check action=maybe_recompile pc=0x00000000060596c0 method=org.gradle.internal.snapshot.impl.DefaultFileSystemSnapshotter.snapshot(Ljava/lang/String;Lorg/gradle/internal/snapshot/SnapshottingFilter;Ljava/io/File;Lorg/gradle/inte
Event: 1337.220 Thread 0x000000001e3ac000 Uncommon trap: reason=class_check action=maybe_recompile pc=0x00000000060596c0 method=org.gradle.internal.snapshot.impl.DefaultFileSystemSnapshotter.snapshot(Ljava/lang/String;Lorg/gradle/internal/snapshot/SnapshottingFilter;Ljava/io/File;Lorg/gradle/inte
Event: 1337.221 Thread 0x000000001e3ac000 Uncommon trap: reason=class_check action=maybe_recompile pc=0x00000000060596c0 method=org.gradle.internal.snapshot.impl.DefaultFileSystemSnapshotter.snapshot(Ljava/lang/String;Lorg/gradle/internal/snapshot/SnapshottingFilter;Ljava/io/File;Lorg/gradle/inte
Event: 1337.644 Thread 0x000000001e3ac000 Uncommon trap: reason=unstable_if action=reinterpret pc=0x0000000005b97dac method=com.google.common.collect.Iterators.contains(Ljava/util/Iterator;Ljava/lang/Object;)Z @ 43
Event: 1337.673 Thread 0x000000001e3ac000 Uncommon trap: reason=bimorphic action=maybe_recompile pc=0x0000000003fcf46c method=org.codehaus.groovy.util.SingleKeyHashMap.get(Ljava/lang/Object;)Ljava/lang/Object; @ 43
Event: 1337.686 Thread 0x000000001e3ac000 Uncommon trap: reason=null_check action=make_not_entrant pc=0x0000000003b979b0 method=org.gradle.api.internal.collections.CollectionFilter.filter(Ljava/lang/Object;)Ljava/lang/Object; @ 5
Event: 1340.570 Thread 0x000000001e3ac000 Uncommon trap: reason=class_check action=maybe_recompile pc=0x00000000039bd8ec method=org.gradle.api.internal.artifacts.dsl.LazyPublishArtifact.getDelegate()Lorg/gradle/api/artifacts/PublishArtifact; @ 25
Event: 1340.572 Thread 0x000000001e3ac000 Uncommon trap: reason=class_check action=maybe_recompile pc=0x00000000039bd8ec method=org.gradle.api.internal.artifacts.dsl.LazyPublishArtifact.getDelegate()Lorg/gradle/api/artifacts/PublishArtifact; @ 25
Event: 1340.573 Thread 0x000000001e3ac000 Uncommon trap: reason=class_check action=maybe_recompile pc=0x00000000039bd8ec method=org.gradle.api.internal.artifacts.dsl.LazyPublishArtifact.getDelegate()Lorg/gradle/api/artifacts/PublishArtifact; @ 25
Event: 1341.819 Thread 0x000000001e3ac000 Uncommon trap: reason=class_check action=maybe_recompile pc=0x0000000007cc6cd0 method=java.util.LinkedList$LLSpliterator.forEachRemaining(Ljava/util/function/Consumer;)V @ 54

Classes redefined (0 events):
No events

Internal exceptions (10 events):
Event: 1338.934 Thread 0x000000001e3ac000 Exception <a 'sun/nio/fs/WindowsException'> (0x00000000e410abb8) thrown at [C:\src\AOSP-openjdk-git\hotspot\src\share\vm\prims\jni.cpp, line 710]
Event: 1339.290 Thread 0x000000001e3ac000 Exception <a 'sun/nio/fs/WindowsException'> (0x00000000e4779550) thrown at [C:\src\AOSP-openjdk-git\hotspot\src\share\vm\prims\jni.cpp, line 710]
Event: 1339.406 Thread 0x000000001e3ac000 Exception <a 'sun/nio/fs/WindowsException'> (0x00000000e4cb8768) thrown at [C:\src\AOSP-openjdk-git\hotspot\src\share\vm\prims\jni.cpp, line 710]
Event: 1339.499 Thread 0x000000001e3ac000 Exception <a 'sun/nio/fs/WindowsException'> (0x00000000e51d3fc0) thrown at [C:\src\AOSP-openjdk-git\hotspot\src\share\vm\prims\jni.cpp, line 710]
Event: 1339.620 Thread 0x000000001e3ac000 Exception <a 'sun/nio/fs/WindowsException'> (0x00000000e571dd00) thrown at [C:\src\AOSP-openjdk-git\hotspot\src\share\vm\prims\jni.cpp, line 710]
Event: 1339.778 Thread 0x000000001e3ac000 Exception <a 'sun/nio/fs/WindowsException'> (0x00000000e5e7b008) thrown at [C:\src\AOSP-openjdk-git\hotspot\src\share\vm\prims\jni.cpp, line 710]
Event: 1339.960 Thread 0x000000001e3ac000 Exception <a 'sun/nio/fs/WindowsException'> (0x00000000e65641a8) thrown at [C:\src\AOSP-openjdk-git\hotspot\src\share\vm\prims\jni.cpp, line 710]
Event: 1340.039 Thread 0x000000001e3ac000 Exception <a 'sun/nio/fs/WindowsException'> (0x00000000e6a387b8) thrown at [C:\src\AOSP-openjdk-git\hotspot\src\share\vm\prims\jni.cpp, line 710]
Event: 1340.246 Thread 0x000000001e3ac000 Exception <a 'sun/nio/fs/WindowsException'> (0x00000000e71c9cf8) thrown at [C:\src\AOSP-openjdk-git\hotspot\src\share\vm\prims\jni.cpp, line 710]
Event: 1340.350 Thread 0x000000001e3ac000 Exception <a 'sun/nio/fs/WindowsException'> (0x00000000e76d2278) thrown at [C:\src\AOSP-openjdk-git\hotspot\src\share\vm\prims\jni.cpp, line 710]

Events (10 events):
Event: 1341.819 Thread 0x000000001e3ac000 DEOPT PACKING pc=0x0000000007cc6cd0 sp=0x000000001cfbb7e0
Event: 1341.819 Thread 0x000000001e3ac000 DEOPT UNPACKING pc=0x000000000302557b sp=0x000000001cfbb768 mode 2
Event: 1342.068 loading class org/gradle/internal/resolve/RejectedByRuleVersion
Event: 1342.068 loading class org/gradle/internal/resolve/RejectedByRuleVersion done
Event: 1342.071 loading class org/gradle/internal/resolve/RejectedVersion
Event: 1342.071 loading class org/gradle/internal/resolve/RejectedVersion done
Event: 1342.161 loading class org/gradle/api/internal/artifacts/ivyservice/resolveengine/graph/conflicts/ConflictContainer$Conflict
Event: 1342.161 loading class org/gradle/api/internal/artifacts/ivyservice/resolveengine/graph/conflicts/ConflictContainer$Conflict done
Event: 1342.304 loading class org/gradle/api/internal/artifacts/dsl/ModuleReplacementsData$Replacement
Event: 1342.304 loading class org/gradle/api/internal/artifacts/dsl/ModuleReplacementsData$Replacement done


Dynamic libraries:
0x00007ff72c1c0000 - 0x00007ff72c1f1000 	C:\Program Files\Android\Android Studio1\jre\bin\java.exe
0x00007ffc63ee0000 - 0x00007ffc640d0000 	C:\WINDOWS\SYSTEM32\ntdll.dll
0x00007ffc62af0000 - 0x00007ffc62ba2000 	C:\WINDOWS\System32\KERNEL32.DLL
0x00007ffc612f0000 - 0x00007ffc61595000 	C:\WINDOWS\System32\KERNELBASE.dll
0x00007ffc622c0000 - 0x00007ffc62363000 	C:\WINDOWS\System32\ADVAPI32.dll
0x00007ffc63d80000 - 0x00007ffc63e1e000 	C:\WINDOWS\System32\msvcrt.dll
0x00007ffc62120000 - 0x00007ffc621b7000 	C:\WINDOWS\System32\sechost.dll
0x00007ffc62370000 - 0x00007ffc6248f000 	C:\WINDOWS\System32\RPCRT4.dll
0x00007ffc632a0000 - 0x00007ffc63434000 	C:\WINDOWS\System32\USER32.dll
0x00007ffc60fa0000 - 0x00007ffc60fc1000 	C:\WINDOWS\System32\win32u.dll
0x00007ffc62290000 - 0x00007ffc622b6000 	C:\WINDOWS\System32\GDI32.dll
0x00007ffc61120000 - 0x00007ffc612b8000 	C:\WINDOWS\System32\gdi32full.dll
0x00007ffc615a0000 - 0x00007ffc6163e000 	C:\WINDOWS\System32\msvcp_win.dll
0x00007ffc616c0000 - 0x00007ffc617ba000 	C:\WINDOWS\System32\ucrtbase.dll
0x00007ffc45150000 - 0x00007ffc453d4000 	C:\WINDOWS\WinSxS\amd64_microsoft.windows.common-controls_6595b64144ccf1df_6.0.18362.1316_none_9e7a364fe461dbd7\COMCTL32.dll
0x00007ffc63920000 - 0x00007ffc63c57000 	C:\WINDOWS\System32\combase.dll
0x00007ffc60f10000 - 0x00007ffc60f91000 	C:\WINDOWS\System32\bcryptPrimitives.dll
0x00007ffc63d50000 - 0x00007ffc63d7e000 	C:\WINDOWS\System32\IMM32.DLL
0x0000000061020000 - 0x00000000610f2000 	C:\Program Files\Android\Android Studio1\jre\jre\bin\msvcr100.dll
0x00000000611e0000 - 0x0000000061a2b000 	C:\Program Files\Android\Android Studio1\jre\jre\bin\server\jvm.dll
0x00007ffc62ae0000 - 0x00007ffc62ae8000 	C:\WINDOWS\System32\PSAPI.DLL
0x00007ffc567c0000 - 0x00007ffc567ca000 	C:\WINDOWS\SYSTEM32\VERSION.dll
0x00007ffc5b3c0000 - 0x00007ffc5b3e4000 	C:\WINDOWS\SYSTEM32\WINMM.dll
0x00007ffc4d990000 - 0x00007ffc4d999000 	C:\WINDOWS\SYSTEM32\WSOCK32.dll
0x00007ffc63ce0000 - 0x00007ffc63d4f000 	C:\WINDOWS\System32\WS2_32.dll
0x00007ffc5b260000 - 0x00007ffc5b28d000 	C:\WINDOWS\SYSTEM32\winmmbase.dll
0x00007ffc60ec0000 - 0x00007ffc60f0a000 	C:\WINDOWS\System32\cfgmgr32.dll
0x00007ffc581c0000 - 0x00007ffc581cf000 	C:\Program Files\Android\Android Studio1\jre\jre\bin\verify.dll
0x00007ffc57d50000 - 0x00007ffc57d79000 	C:\Program Files\Android\Android Studio1\jre\jre\bin\java.dll
0x00007ffc57d30000 - 0x00007ffc57d46000 	C:\Program Files\Android\Android Studio1\jre\jre\bin\zip.dll
0x00007ffc62bb0000 - 0x00007ffc63298000 	C:\WINDOWS\System32\SHELL32.dll
0x00007ffc63870000 - 0x00007ffc63917000 	C:\WINDOWS\System32\shcore.dll
0x00007ffc617c0000 - 0x00007ffc61f3b000 	C:\WINDOWS\System32\windows.storage.dll
0x00007ffc60e40000 - 0x00007ffc60e63000 	C:\WINDOWS\System32\profapi.dll
0x00007ffc60e70000 - 0x00007ffc60eba000 	C:\WINDOWS\System32\powrprof.dll
0x00007ffc60df0000 - 0x00007ffc60e00000 	C:\WINDOWS\System32\UMPDC.dll
0x00007ffc63e40000 - 0x00007ffc63e92000 	C:\WINDOWS\System32\shlwapi.dll
0x00007ffc60e20000 - 0x00007ffc60e31000 	C:\WINDOWS\System32\kernel.appcore.dll
0x00007ffc61640000 - 0x00007ffc61657000 	C:\WINDOWS\System32\cryptsp.dll
0x00007ffc575a0000 - 0x00007ffc575ba000 	C:\Program Files\Android\Android Studio1\jre\jre\bin\net.dll
0x00007ffc605d0000 - 0x00007ffc60637000 	C:\WINDOWS\system32\mswsock.dll
0x00007ffc57580000 - 0x00007ffc57593000 	C:\Program Files\Android\Android Studio1\jre\jre\bin\nio.dll
0x00007ffc3c6b0000 - 0x00007ffc3c6d6000 	C:\Users\Lewis\.gradle\native\30\windows-amd64\native-platform.dll
0x00007ffc57ee0000 - 0x00007ffc57eed000 	C:\Program Files\Android\Android Studio1\jre\jre\bin\management.dll
0x00007ffc60150000 - 0x00007ffc60183000 	C:\WINDOWS\system32\rsaenh.dll
0x00007ffc612c0000 - 0x00007ffc612e6000 	C:\WINDOWS\System32\bcrypt.dll
0x00007ffc60d10000 - 0x00007ffc60d35000 	C:\WINDOWS\SYSTEM32\USERENV.dll
0x00007ffc60800000 - 0x00007ffc6080c000 	C:\WINDOWS\SYSTEM32\CRYPTBASE.dll
0x00007ffc602e0000 - 0x00007ffc6031a000 	C:\WINDOWS\SYSTEM32\IPHLPAPI.DLL
0x00007ffc637f0000 - 0x00007ffc637f8000 	C:\WINDOWS\System32\NSI.dll
0x00007ffc4edd0000 - 0x00007ffc4ede6000 	C:\WINDOWS\SYSTEM32\dhcpcsvc6.DLL
0x00007ffc4fc60000 - 0x00007ffc4fc7c000 	C:\WINDOWS\SYSTEM32\dhcpcsvc.DLL
0x00007ffc60320000 - 0x00007ffc603eb000 	C:\WINDOWS\SYSTEM32\DNSAPI.dll
0x00007ffc5fe30000 - 0x00007ffc5fe61000 	C:\WINDOWS\SYSTEM32\ntmarta.dll
0x00007ffc57e00000 - 0x00007ffc57e1e000 	C:\Users\Lewis\AppData\Local\Temp\native-platform269089815709094819dir\native-platform.dll
0x00007ffc57360000 - 0x00007ffc57384000 	C:\Program Files\Android\Android Studio1\jre\jre\bin\sunec.dll
0x00007ffc57350000 - 0x00007ffc5735b000 	C:\Program Files\Android\Android Studio1\jre\jre\bin\sunmscapi.dll
0x00007ffc60fd0000 - 0x00007ffc6111a000 	C:\WINDOWS\System32\CRYPT32.dll
0x00007ffc60e00000 - 0x00007ffc60e12000 	C:\WINDOWS\System32\MSASN1.dll
0x00007ffc4cf10000 - 0x00007ffc4cf1a000 	C:\Windows\System32\rasadhlp.dll
0x00007ffc4e3f0000 - 0x00007ffc4e467000 	C:\WINDOWS\System32\fwpuclnt.dll

VM Arguments:
jvm_args: -Xmx2000M -Dfile.encoding=windows-1252 -Duser.country=US -Duser.language=en -Duser.variant 
java_command: org.gradle.launcher.daemon.bootstrap.GradleDaemon 5.6.2
java_class_path (initial): C:\Users\Lewis\.gradle\wrapper\dists\gradle-5.6.2-all\9st6wgf78h16so49nn74lgtbb\gradle-5.6.2\lib\gradle-launcher-5.6.2.jar
Launcher Type: SUN_STANDARD

Environment Variables:
JAVA_HOME=C:\Program Files\Android\Android Studio1\jre
CLASSPATH=D:\LEWY\Dev\Projects\ROUGH\Flutter\cryptoboard\android\\gradle\wrapper\gradle-wrapper.jar
PATH=C:\Program Files\ImageMagick-7.0.10-Q16-HDRI;C:\Program Files (x86)\NVIDIA Corporation\PhysX\Common;C:\WINDOWS\system32;C:\WINDOWS;C:\WINDOWS\System32\Wbem;C:\WINDOWS\System32\WindowsPowerShell\v1.0\;C:\WINDOWS\System32\OpenSSH\;C:\Program Files\Java\jdk-13.0.2\bin;C:\Program Files\Git\cmd;C:\Program Files\nodejs\;C:\ProgramData\chocolatey\bin;C:\Users\Lewis\AppData\Local\Programs\Python\Python38-32\Lib\site-packages\django\bin;C:\Users\Lewis\AppData\Local\Programs\Python\Python38-32\Scripts\;C:\Users\Lewis\AppData\Local\Programs\Python\Python38-32\;C:\Users\Lewis\AppData\Local\Programs\Microsoft VS Code\bin;C:\Users\Lewis\AppData\Local\GitHubDesktop\bin;C:\src\flutter\bin;C:\Users\Lewis\AppData\Roaming\npm;C:\Users\Lewis\AppData\Roaming\Pub\Cache\bin;C:\Program Files\JetBrains\PyCharm 2020.1.2\bin;C:\Program Files\JetBrains\PyCharm Community Edition 2020.1.2\bin;C:\adb;C:\Program Files (x86)\dotnet\;C:\Program Files\dotnet\;C:\Users\Lewis\AppData\Local\Programs\Python\Python38-32\Scripts\;C:\Users\Lewis\AppData\Local\Programs\Python\Python38-32\;C:\Users\Lewis\AppData\Local\Programs\Microsoft VS Code\bin;C:\Users\Lewis\AppData\Local\GitHubDesktop\bin;C:\src\flutter\bin;C:\Users\Lewis\AppData\Roaming\npm;C:\tools\dart-sdk\bin;C:\Users\Lewis\AppData\Roaming\Pub\Cache\bin;C:\Program Files\JetBrains\PyCharm 2020.1.2\bin;;C:\Program Files\JetBrains\PyCharm Community Edition 2020.1.2\bin;;C:\Program Files\Java\jdk-13.0.2\bin;C:\Users\Lewis\.dotnet\tools;C:\src\flutter\bin\mingit\cmd
USERNAME=Lewis
OS=Windows_NT
PROCESSOR_IDENTIFIER=Intel64 Family 6 Model 78 Stepping 3, GenuineIntel



---------------  S Y S T E M  ---------------

OS: Windows 10.0 , 64 bit Build 18362 (10.0.18362.1316)

CPU:total 4 (initial active 4) (2 cores per cpu, 2 threads per core) family 6 model 78 stepping 3, cmov, cx8, fxsr, mmx, sse, sse2, sse3, ssse3, sse4.1, sse4.2, popcnt, avx, avx2, aes, clmul, erms, rtm, 3dnowpref, lzcnt, ht, tsc, tscinvbit, bmi1, bmi2, adx

Memory: 4k page, physical 8265384k(429868k free), swap 12164776k(4316k free)

vm_info: OpenJDK 64-Bit Server VM (25.242-b01) for windows-amd64 JRE (1.8.0_242-release-1644-b01), built by "builder" with MS VC++ 10.0 (VS2010)

time: Sun Feb 14 22:36:32 2021
timezone: E. Africa Standard Time
elapsed time: 1342 seconds (0d 0h 22m 22s)

