#
# There is insufficient memory for the Java Runtime Environment to continue.
# Native memory allocation (malloc) failed to allocate 32744 bytes for ChunkPool::allocate
# Possible reasons:
#   The system is out of physical RAM or swap space
#   The process is running with CompressedOops enabled, and the Java Heap may be blocking the growth of the native heap
# Possible solutions:
#   Reduce memory load on the system
#   Increase physical memory or swap space
#   Check if swap backing store is full
#   Decrease Java heap size (-Xmx/-Xms)
#   Decrease number of Java threads
#   Decrease Java thread stack sizes (-Xss)
#   Set larger code cache with -XX:ReservedCodeCacheSize=
#   JVM is running with Unscaled Compressed Oops mode in which the Java heap is
#     placed in the first 4GB address space. The Java Heap base address is the
#     maximum limit for the native heap growth. Please use -XX:HeapBaseMinAddress
#     to set the Java Heap base and to place the Java Heap above 4GB virtual address.
# This output file may be truncated or incomplete.
#
#  Out of Memory Error (t:/workspace/open/src/hotspot/share/memory/arena.cpp:80), pid=19304, tid=18632
#
# JRE version: Java(TM) SE Runtime Environment (13.0.2+8) (build 13.0.2+8)
# Java VM: Java HotSpot(TM) 64-Bit Server VM (13.0.2+8, mixed mode, sharing, tiered, compressed oops, g1 gc, windows-amd64)
# No core dump will be written. Minidumps are not enabled by default on client versions of Windows
#

---------------  S U M M A R Y ------------

Command Line: --add-opens=java.base/java.util=ALL-UNNAMED --add-opens=java.base/java.lang=ALL-UNNAMED --add-opens=java.base/java.lang.invoke=ALL-UNNAMED --add-opens=java.prefs/java.util.prefs=ALL-UNNAMED -Xmx1024m -Dfile.encoding=windows-1252 -Duser.country=US -Duser.language=en -Duser.variant org.gradle.launcher.daemon.bootstrap.GradleDaemon 5.6.2

Host: Intel(R) Core(TM) i5-6300U CPU @ 2.40GHz, 4 cores, 7G,  Windows 10 , 64 bit Build 18362 (10.0.18362.1316)
Time: Mon Feb 15 03:44:15 2021 E. Africa Standard Time elapsed time: 16 seconds (0d 0h 0m 16s)

---------------  T H R E A D  ---------------

Current thread (0x00000216fa8e6800):  JavaThread "C2 CompilerThread0" daemon [_thread_in_native, id=18632, stack(0x000000e58fe00000,0x000000e58ff00000)]


Current CompileTask:
C2:  16524 2833       4       org.gradle.internal.service.DefaultServiceRegistry$OwnServices$ProviderAnalyser::analyseType (114 bytes)

Stack: [0x000000e58fe00000,0x000000e58ff00000]
Native frames: (J=compiled Java code, j=interpreted, Vv=VM code, C=native code)
V  [jvm.dll+0x624f9a]
V  [jvm.dll+0x770cfa]
V  [jvm.dll+0x7724af]
V  [jvm.dll+0x772ab3]
V  [jvm.dll+0x24bf08]
V  [jvm.dll+0xc2076]
V  [jvm.dll+0xc23cc]
V  [jvm.dll+0x360d6d]
V  [jvm.dll+0x35c0fe]
V  [jvm.dll+0x327803]
V  [jvm.dll+0x326bda]
V  [jvm.dll+0x205c27]
V  [jvm.dll+0x204e3f]
V  [jvm.dll+0x189c2c]
V  [jvm.dll+0x213e6d]
V  [jvm.dll+0x2120bb]
V  [jvm.dll+0x736bb6]
V  [jvm.dll+0x72fcaa]
V  [jvm.dll+0x623ea6]
C  [ucrtbase.dll+0x210b2]
C  [KERNEL32.DLL+0x17c24]
C  [ntdll.dll+0x6d4d1]


---------------  P R O C E S S  ---------------

Threads class SMR info:
_java_thread_list=0x000002168f4db070, length=24, elements={
0x00000216eb890000, 0x00000216fa8c2000, 0x00000216fa8c5000, 0x00000216fa8e3800,
0x00000216fa8e5800, 0x00000216fa8e6800, 0x00000216fa8e7800, 0x00000216fb259800,
0x00000216fb322000, 0x00000216fb32e800, 0x00000216fc24d800, 0x00000216fc283000,
0x00000216fc1bc000, 0x00000216fbedb800, 0x00000216fb769800, 0x00000216fc954000,
0x00000216fc159800, 0x00000216fc2ad800, 0x00000216fb4d0800, 0x00000216fb4d1800,
0x00000216fbdaa000, 0x00000216fbdae000, 0x00000216fbdaa800, 0x00000216fbda9000
}

Java Threads: ( => current thread )
  0x00000216eb890000 JavaThread "main" [_thread_blocked, id=29416, stack(0x000000e58f300000,0x000000e58f400000)]
  0x00000216fa8c2000 JavaThread "Reference Handler" daemon [_thread_blocked, id=29440, stack(0x000000e58fa00000,0x000000e58fb00000)]
  0x00000216fa8c5000 JavaThread "Finalizer" daemon [_thread_blocked, id=44156, stack(0x000000e58fb00000,0x000000e58fc00000)]
  0x00000216fa8e3800 JavaThread "Signal Dispatcher" daemon [_thread_blocked, id=15376, stack(0x000000e58fc00000,0x000000e58fd00000)]
  0x00000216fa8e5800 JavaThread "Attach Listener" daemon [_thread_blocked, id=27824, stack(0x000000e58fd00000,0x000000e58fe00000)]
=>0x00000216fa8e6800 JavaThread "C2 CompilerThread0" daemon [_thread_in_native, id=18632, stack(0x000000e58fe00000,0x000000e58ff00000)]
  0x00000216fa8e7800 JavaThread "C1 CompilerThread0" daemon [_thread_in_vm, id=13548, stack(0x000000e58ff00000,0x000000e590000000)]
  0x00000216fb259800 JavaThread "Sweeper thread" daemon [_thread_blocked, id=41172, stack(0x000000e590000000,0x000000e590100000)]
  0x00000216fb322000 JavaThread "Common-Cleaner" daemon [_thread_blocked, id=41112, stack(0x000000e590100000,0x000000e590200000)]
  0x00000216fb32e800 JavaThread "Service Thread" daemon [_thread_blocked, id=27680, stack(0x000000e590200000,0x000000e590300000)]
  0x00000216fc24d800 JavaThread "Daemon health stats" [_thread_blocked, id=16032, stack(0x000000e590700000,0x000000e590800000)]
  0x00000216fc283000 JavaThread "Incoming local TCP Connector on port 49434" [_thread_in_native, id=52292, stack(0x000000e590600000,0x000000e590700000)]
  0x00000216fc1bc000 JavaThread "Daemon periodic checks" [_thread_blocked, id=28680, stack(0x000000e590800000,0x000000e590900000)]
  0x00000216fbedb800 JavaThread "Daemon" [_thread_blocked, id=55924, stack(0x000000e590900000,0x000000e590a00000)]
  0x00000216fb769800 JavaThread "Handler for socket connection from /127.0.0.1:49434 to /127.0.0.1:49436" [_thread_in_native, id=55908, stack(0x000000e590a00000,0x000000e590b00000)]
  0x00000216fc954000 JavaThread "Cancel handler" [_thread_blocked, id=20968, stack(0x000000e590b00000,0x000000e590c00000)]
  0x00000216fc159800 JavaThread "Daemon worker" [_thread_in_Java, id=29728, stack(0x000000e590c00000,0x000000e590d00000)]
  0x00000216fc2ad800 JavaThread "Asynchronous log dispatcher for DefaultDaemonConnection: socket connection from /127.0.0.1:49434 to /127.0.0.1:49436" [_thread_blocked, id=28352, stack(0x000000e590d00000,0x000000e590e00000)]
  0x00000216fb4d0800 JavaThread "Stdin handler" [_thread_blocked, id=28364, stack(0x000000e590e00000,0x000000e590f00000)]
  0x00000216fb4d1800 JavaThread "Thread-8" [_thread_blocked, id=21136, stack(0x000000e590f00000,0x000000e591000000)]
  0x00000216fbdaa000 JavaThread "Cache worker for file hash cache (C:\Users\Lewis\.gradle\caches\5.6.2\fileHashes)" [_thread_blocked, id=28344, stack(0x000000e591000000,0x000000e591100000)]
  0x00000216fbdae000 JavaThread "File lock request listener" [_thread_in_native, id=49508, stack(0x000000e591100000,0x000000e591200000)]
  0x00000216fbdaa800 JavaThread "Cache worker for journal cache (C:\Users\Lewis\.gradle\caches\journal-1)" [_thread_blocked, id=29780, stack(0x000000e591200000,0x000000e591300000)]
  0x00000216fbda9000 JavaThread "Cache worker for file hash cache (D:\LEWY\Dev\Projects\ROUGH\Flutter\cryptoboard\android\.gradle\5.6.2\fileHashes)" [_thread_blocked, id=13916, stack(0x000000e591400000,0x000000e591500000)]

Other Threads:
  0x00000216fa8bb800 VMThread "VM Thread" [stack: 0x000000e58f900000,0x000000e58fa00000] [id=29400]
  0x00000216fb33b800 WatcherThread [stack: 0x000000e590300000,0x000000e590400000] [id=51308]
  0x00000216eb8c1000 GCTaskThread "GC Thread#0" [stack: 0x000000e58f400000,0x000000e58f500000] [id=29272]
  0x00000216fba8a000 GCTaskThread "GC Thread#1" [stack: 0x000000e590400000,0x000000e590500000] [id=27844]
  0x00000216fbb06800 GCTaskThread "GC Thread#2" [stack: 0x000000e590500000,0x000000e590600000] [id=51344]
  0x00000216fbce2000 GCTaskThread "GC Thread#3" [stack: 0x000000e591300000,0x000000e591400000] [id=29776]
  0x00000216eb8ca800 ConcurrentGCThread "G1 Main Marker" [stack: 0x000000e58f500000,0x000000e58f600000] [id=29320]
  0x00000216eb8cc000 ConcurrentGCThread "G1 Conc#0" [stack: 0x000000e58f600000,0x000000e58f700000] [id=29276]
  0x00000216eb953800 ConcurrentGCThread "G1 Refine#0" [stack: 0x000000e58f700000,0x000000e58f800000] [id=29248]
  0x00000216eb955800 ConcurrentGCThread "G1 Young RemSet Sampling" [stack: 0x000000e58f800000,0x000000e58f900000] [id=13876]

Threads with active compile tasks:
C2 CompilerThread0    16622 2833       4       org.gradle.internal.service.DefaultServiceRegistry$OwnServices$ProviderAnalyser::analyseType (114 bytes)

VM state:not at safepoint (normal execution)

VM Mutex/Monitor currently owned by a thread: None

Heap address: 0x00000000c0000000, size: 1024 MB, Compressed Oops mode: 32-bit
Narrow klass base: 0x0000000800000000, Narrow klass shift: 3
Compressed class space size: 1073741824 Address: 0x0000000800b40000

Heap:
 garbage-first heap   total 71680K, used 29774K [0x00000000c0000000, 0x0000000100000000)
  region size 1024K, 12 young (12288K), 3 survivors (3072K)
 Metaspace       used 25923K, capacity 26379K, committed 26624K, reserved 1073152K
  class space    used 3545K, capacity 3758K, committed 3840K, reserved 1048576K
Heap Regions: E=young(eden), S=young(survivor), O=old, HS=humongous(starts), HC=humongous(continues), CS=collection set, F=free, A=archive, TAMS=top-at-mark-start (previous, next)
|   0|0x00000000c0000000, 0x00000000c0100000, 0x00000000c0100000|100%| O|  |TAMS 0x00000000c0100000, 0x00000000c0000000| Untracked 
|   1|0x00000000c0100000, 0x00000000c0200000, 0x00000000c0200000|100%| O|  |TAMS 0x00000000c0200000, 0x00000000c0100000| Untracked 
|   2|0x00000000c0200000, 0x00000000c0300000, 0x00000000c0300000|100%| O|  |TAMS 0x00000000c0300000, 0x00000000c0200000| Untracked 
|   3|0x00000000c0300000, 0x00000000c0400000, 0x00000000c0400000|100%|HS|  |TAMS 0x00000000c0400000, 0x00000000c0300000| Complete 
|   4|0x00000000c0400000, 0x00000000c0500000, 0x00000000c0500000|100%|HC|  |TAMS 0x00000000c0500000, 0x00000000c0400000| Complete 
|   5|0x00000000c0500000, 0x00000000c0600000, 0x00000000c0600000|100%|HC|  |TAMS 0x00000000c0600000, 0x00000000c0500000| Complete 
|   6|0x00000000c0600000, 0x00000000c0700000, 0x00000000c0700000|100%| O|  |TAMS 0x00000000c0700000, 0x00000000c0600000| Untracked 
|   7|0x00000000c0700000, 0x00000000c0800000, 0x00000000c0800000|100%| O|  |TAMS 0x00000000c0800000, 0x00000000c0700000| Untracked 
|   8|0x00000000c0800000, 0x00000000c0900000, 0x00000000c0900000|100%| O|  |TAMS 0x00000000c0900000, 0x00000000c0800000| Untracked 
|   9|0x00000000c0900000, 0x00000000c0a00000, 0x00000000c0a00000|100%| O|  |TAMS 0x00000000c0a00000, 0x00000000c0900000| Untracked 
|  10|0x00000000c0a00000, 0x00000000c0b00000, 0x00000000c0b00000|100%| O|  |TAMS 0x00000000c0b00000, 0x00000000c0a00000| Untracked 
|  11|0x00000000c0b00000, 0x00000000c0c00000, 0x00000000c0c00000|100%| O|  |TAMS 0x00000000c0c00000, 0x00000000c0b00000| Untracked 
|  12|0x00000000c0c00000, 0x00000000c0c86200, 0x00000000c0d00000| 52%| O|  |TAMS 0x00000000c0c86200, 0x00000000c0c00000| Untracked 
|  13|0x00000000c0d00000, 0x00000000c0d00000, 0x00000000c0e00000|  0%| F|  |TAMS 0x00000000c0d00000, 0x00000000c0d00000| Untracked 
|  14|0x00000000c0e00000, 0x00000000c0e00000, 0x00000000c0f00000|  0%| F|  |TAMS 0x00000000c0e00000, 0x00000000c0e00000| Untracked 
|  15|0x00000000c0f00000, 0x00000000c0f00000, 0x00000000c1000000|  0%| F|  |TAMS 0x00000000c0f00000, 0x00000000c0f00000| Untracked 
|  16|0x00000000c1000000, 0x00000000c1100000, 0x00000000c1100000|100%| O|  |TAMS 0x00000000c1000000, 0x00000000c1000000| Untracked 
|  17|0x00000000c1100000, 0x00000000c1200000, 0x00000000c1200000|100%| O|  |TAMS 0x00000000c1100000, 0x00000000c1100000| Untracked 
|  18|0x00000000c1200000, 0x00000000c1300000, 0x00000000c1300000|100%| O|  |TAMS 0x00000000c1200000, 0x00000000c1200000| Untracked 
|  19|0x00000000c1300000, 0x00000000c1400000, 0x00000000c1400000|100%| O|  |TAMS 0x00000000c1300000, 0x00000000c1300000| Untracked 
|  20|0x00000000c1400000, 0x00000000c1500000, 0x00000000c1500000|100%| O|  |TAMS 0x00000000c1400000, 0x00000000c1400000| Untracked 
|  21|0x00000000c1500000, 0x00000000c1600000, 0x00000000c1600000|100%| O|  |TAMS 0x00000000c1500000, 0x00000000c1500000| Untracked 
|  22|0x00000000c1600000, 0x00000000c160a000, 0x00000000c1700000|  3%| O|  |TAMS 0x00000000c1600000, 0x00000000c1600000| Untracked 
|  23|0x00000000c1700000, 0x00000000c1700000, 0x00000000c1800000|  0%| F|  |TAMS 0x00000000c1700000, 0x00000000c1700000| Untracked 
|  24|0x00000000c1800000, 0x00000000c1800000, 0x00000000c1900000|  0%| F|  |TAMS 0x00000000c1800000, 0x00000000c1800000| Untracked 
|  25|0x00000000c1900000, 0x00000000c19836e0, 0x00000000c1a00000| 51%| S|CS|TAMS 0x00000000c1900000, 0x00000000c1900000| Complete 
|  26|0x00000000c1a00000, 0x00000000c1b00000, 0x00000000c1b00000|100%| S|CS|TAMS 0x00000000c1a00000, 0x00000000c1a00000| Complete 
|  27|0x00000000c1b00000, 0x00000000c1c00000, 0x00000000c1c00000|100%| S|CS|TAMS 0x00000000c1b00000, 0x00000000c1b00000| Complete 
|  28|0x00000000c1c00000, 0x00000000c1c00000, 0x00000000c1d00000|  0%| F|  |TAMS 0x00000000c1c00000, 0x00000000c1c00000| Untracked 
|  29|0x00000000c1d00000, 0x00000000c1d00000, 0x00000000c1e00000|  0%| F|  |TAMS 0x00000000c1d00000, 0x00000000c1d00000| Untracked 
|  30|0x00000000c1e00000, 0x00000000c1e00000, 0x00000000c1f00000|  0%| F|  |TAMS 0x00000000c1e00000, 0x00000000c1e00000| Untracked 
|  31|0x00000000c1f00000, 0x00000000c1f00000, 0x00000000c2000000|  0%| F|  |TAMS 0x00000000c1f00000, 0x00000000c1f00000| Untracked 
|  32|0x00000000c2000000, 0x00000000c2000000, 0x00000000c2100000|  0%| F|  |TAMS 0x00000000c2000000, 0x00000000c2000000| Untracked 
|  33|0x00000000c2100000, 0x00000000c2100000, 0x00000000c2200000|  0%| F|  |TAMS 0x00000000c2100000, 0x00000000c2100000| Untracked 
|  34|0x00000000c2200000, 0x00000000c2200000, 0x00000000c2300000|  0%| F|  |TAMS 0x00000000c2200000, 0x00000000c2200000| Untracked 
|  35|0x00000000c2300000, 0x00000000c2300000, 0x00000000c2400000|  0%| F|  |TAMS 0x00000000c2300000, 0x00000000c2300000| Untracked 
|  36|0x00000000c2400000, 0x00000000c2400000, 0x00000000c2500000|  0%| F|  |TAMS 0x00000000c2400000, 0x00000000c2400000| Untracked 
|  37|0x00000000c2500000, 0x00000000c2500000, 0x00000000c2600000|  0%| F|  |TAMS 0x00000000c2500000, 0x00000000c2500000| Untracked 
|  38|0x00000000c2600000, 0x00000000c2600000, 0x00000000c2700000|  0%| F|  |TAMS 0x00000000c2600000, 0x00000000c2600000| Untracked 
|  39|0x00000000c2700000, 0x00000000c2700000, 0x00000000c2800000|  0%| F|  |TAMS 0x00000000c2700000, 0x00000000c2700000| Untracked 
|  40|0x00000000c2800000, 0x00000000c2800000, 0x00000000c2900000|  0%| F|  |TAMS 0x00000000c2800000, 0x00000000c2800000| Untracked 
|  41|0x00000000c2900000, 0x00000000c2900000, 0x00000000c2a00000|  0%| F|  |TAMS 0x00000000c2900000, 0x00000000c2900000| Untracked 
|  42|0x00000000c2a00000, 0x00000000c2a00000, 0x00000000c2b00000|  0%| F|  |TAMS 0x00000000c2a00000, 0x00000000c2a00000| Untracked 
|  43|0x00000000c2b00000, 0x00000000c2b00000, 0x00000000c2c00000|  0%| F|  |TAMS 0x00000000c2b00000, 0x00000000c2b00000| Untracked 
|  44|0x00000000c2c00000, 0x00000000c2c00000, 0x00000000c2d00000|  0%| F|  |TAMS 0x00000000c2c00000, 0x00000000c2c00000| Untracked 
|  45|0x00000000c2d00000, 0x00000000c2d00000, 0x00000000c2e00000|  0%| F|  |TAMS 0x00000000c2d00000, 0x00000000c2d00000| Untracked 
|  46|0x00000000c2e00000, 0x00000000c2e00000, 0x00000000c2f00000|  0%| F|  |TAMS 0x00000000c2e00000, 0x00000000c2e00000| Untracked 
|  47|0x00000000c2f00000, 0x00000000c2f00000, 0x00000000c3000000|  0%| F|  |TAMS 0x00000000c2f00000, 0x00000000c2f00000| Untracked 
|  48|0x00000000c3000000, 0x00000000c3000000, 0x00000000c3100000|  0%| F|  |TAMS 0x00000000c3000000, 0x00000000c3000000| Untracked 
|  49|0x00000000c3100000, 0x00000000c3100000, 0x00000000c3200000|  0%| F|  |TAMS 0x00000000c3100000, 0x00000000c3100000| Untracked 
|  50|0x00000000c3200000, 0x00000000c3200000, 0x00000000c3300000|  0%| F|  |TAMS 0x00000000c3200000, 0x00000000c3200000| Untracked 
|  51|0x00000000c3300000, 0x00000000c3300000, 0x00000000c3400000|  0%| F|  |TAMS 0x00000000c3300000, 0x00000000c3300000| Untracked 
|  52|0x00000000c3400000, 0x00000000c3400000, 0x00000000c3500000|  0%| F|  |TAMS 0x00000000c3400000, 0x00000000c3400000| Untracked 
|  53|0x00000000c3500000, 0x00000000c3500000, 0x00000000c3600000|  0%| F|  |TAMS 0x00000000c3500000, 0x00000000c3500000| Untracked 
|  54|0x00000000c3600000, 0x00000000c3600000, 0x00000000c3700000|  0%| F|  |TAMS 0x00000000c3600000, 0x00000000c3600000| Untracked 
|  55|0x00000000c3700000, 0x00000000c3700000, 0x00000000c3800000|  0%| F|  |TAMS 0x00000000c3700000, 0x00000000c3700000| Untracked 
|  56|0x00000000c3800000, 0x00000000c3800000, 0x00000000c3900000|  0%| F|  |TAMS 0x00000000c3800000, 0x00000000c3800000| Untracked 
|  57|0x00000000c3900000, 0x00000000c3900000, 0x00000000c3a00000|  0%| F|  |TAMS 0x00000000c3900000, 0x00000000c3900000| Untracked 
|  58|0x00000000c3a00000, 0x00000000c3a00000, 0x00000000c3b00000|  0%| F|  |TAMS 0x00000000c3a00000, 0x00000000c3a00000| Untracked 
|  59|0x00000000c3b00000, 0x00000000c3b00000, 0x00000000c3c00000|  0%| F|  |TAMS 0x00000000c3b00000, 0x00000000c3b00000| Untracked 
|  60|0x00000000c3c00000, 0x00000000c3c00000, 0x00000000c3d00000|  0%| F|  |TAMS 0x00000000c3c00000, 0x00000000c3c00000| Untracked 
|  61|0x00000000c3d00000, 0x00000000c3e00000, 0x00000000c3e00000|100%| E|  |TAMS 0x00000000c3d00000, 0x00000000c3d00000| Complete 
|  68|0x00000000c4400000, 0x00000000c4500000, 0x00000000c4500000|100%| E|CS|TAMS 0x00000000c4400000, 0x00000000c4400000| Complete 
|  69|0x00000000c4500000, 0x00000000c4600000, 0x00000000c4600000|100%| E|CS|TAMS 0x00000000c4500000, 0x00000000c4500000| Complete 
|  70|0x00000000c4600000, 0x00000000c4700000, 0x00000000c4700000|100%| E|CS|TAMS 0x00000000c4600000, 0x00000000c4600000| Complete 
|  71|0x00000000c4700000, 0x00000000c4800000, 0x00000000c4800000|100%| E|CS|TAMS 0x00000000c4700000, 0x00000000c4700000| Complete 
|  72|0x00000000c4800000, 0x00000000c4900000, 0x00000000c4900000|100%| E|CS|TAMS 0x00000000c4800000, 0x00000000c4800000| Complete 
|  73|0x00000000c4900000, 0x00000000c4a00000, 0x00000000c4a00000|100%| E|CS|TAMS 0x00000000c4900000, 0x00000000c4900000| Complete 
|  74|0x00000000c4a00000, 0x00000000c4b00000, 0x00000000c4b00000|100%| E|CS|TAMS 0x00000000c4a00000, 0x00000000c4a00000| Complete 
| 127|0x00000000c7f00000, 0x00000000c8000000, 0x00000000c8000000|100%| E|CS|TAMS 0x00000000c7f00000, 0x00000000c7f00000| Complete 

Card table byte_map: [0x00000216f5f00000,0x00000216f6100000] _byte_map_base: 0x00000216f5900000

Marking Bits (Prev, Next): (CMBitMap*) 0x00000216eb8c1ee8, (CMBitMap*) 0x00000216eb8c1ea8
 Prev Bits: [0x00000216f7300000, 0x00000216f8300000)
 Next Bits: [0x00000216f6300000, 0x00000216f7300000)

Polling page: 0x00000216eb6d0000

Metaspace:

Usage:
  Non-class:     22.15 MB capacity,    21.89 MB ( 99%) used,   230.46 KB (  1%) free+waste,    37.63 KB ( <1%) overhead. 
      Class:      3.67 MB capacity,     3.46 MB ( 94%) used,   191.59 KB (  5%) free+waste,    19.00 KB ( <1%) overhead. 
       Both:     25.82 MB capacity,    25.36 MB ( 98%) used,   422.05 KB (  2%) free+waste,    56.63 KB ( <1%) overhead. 

Virtual space:
  Non-class space:       24.00 MB reserved,      22.25 MB ( 93%) committed 
      Class space:        1.00 GB reserved,       3.75 MB ( <1%) committed 
             Both:        1.02 GB reserved,      26.00 MB (  2%) committed 

Chunk freelists:
   Non-Class:  35.00 KB
       Class:  18.00 KB
        Both:  53.00 KB

MaxMetaspaceSize: 17179869184.00 GB
CompressedClassSpaceSize: 1.00 GB

CodeHeap 'non-profiled nmethods': size=120000Kb used=1438Kb max_used=1438Kb free=118561Kb
 bounds [0x0000021687ad0000, 0x0000021687d40000, 0x000002168f000000]
CodeHeap 'profiled nmethods': size=120000Kb used=5873Kb max_used=5873Kb free=114126Kb
 bounds [0x00000216805a0000, 0x0000021680b60000, 0x0000021687ad0000]
CodeHeap 'non-nmethods': size=5760Kb used=2298Kb max_used=2369Kb free=3462Kb
 bounds [0x0000021680000000, 0x0000021680270000, 0x00000216805a0000]
 total_blobs=4557 nmethods=2630 adapters=666
 compilation: enabled
              stopped_count=0, restarted_count=0
 full_count=0

Compilation events (20 events):
Event: 16.391 Thread 0x00000216fa8e7800 2864       1       com.google.common.base.Suppliers$SupplierOfInstance::get (5 bytes)
Event: 16.391 Thread 0x00000216fa8e7800 nmethod 2864 0x0000021687c36d90 code [0x0000021687c36f20, 0x0000021687c37058]
Event: 16.398 Thread 0x00000216fa8e7800 2865       1       java.util.concurrent.atomic.AtomicInteger::set (6 bytes)
Event: 16.398 Thread 0x00000216fa8e7800 nmethod 2865 0x0000021687c37110 code [0x0000021687c372a0, 0x0000021687c373d8]
Event: 16.400 Thread 0x00000216fa8e7800 2866       3       java.util.Properties$LineReader::readLine (584 bytes)
Event: 16.404 Thread 0x00000216fa8e7800 nmethod 2866 0x0000021680b4fd90 code [0x0000021680b50160, 0x0000021680b52ea0]
Event: 16.416 Thread 0x00000216fa8e7800 2867       3       com.google.common.cache.LocalCache::expiresAfterWrite (15 bytes)
Event: 16.416 Thread 0x00000216fa8e7800 nmethod 2867 0x0000021680b53c10 code [0x0000021680b53dc0, 0x0000021680b53fb8]
Event: 16.495 Thread 0x00000216fa8e7800 2868       3       java.util.Arrays::fill (23 bytes)
Event: 16.496 Thread 0x00000216fa8e7800 nmethod 2868 0x0000021680b54090 code [0x0000021680b54240, 0x0000021680b54438]
Event: 16.497 Thread 0x00000216fa8e7800 2869       3       java.lang.Class::getEnclosingMethodInfo (20 bytes)
Event: 16.498 Thread 0x00000216fa8e7800 nmethod 2869 0x0000021680b54510 code [0x0000021680b546e0, 0x0000021680b549a0]
Event: 16.502 Thread 0x00000216fa8e7800 2870       3       org.gradle.internal.time.TimeSource$1::nanoTime (4 bytes)
Event: 16.502 Thread 0x00000216fa8e7800 nmethod 2870 0x0000021680b54a90 code [0x0000021680b54c40, 0x0000021680b54dd8]
Event: 16.508 Thread 0x00000216fa8e7800 2871       3       sun.reflect.generics.parser.SignatureParser::parseTypeArguments (109 bytes)
Event: 16.510 Thread 0x00000216fa8e7800 nmethod 2871 0x0000021680b54e90 code [0x0000021680b55160, 0x0000021680b55f70]
Event: 16.511 Thread 0x00000216fa8e7800 2872       3       com.google.common.collect.RegularImmutableMap$EntrySet$1::get (6 bytes)
Event: 16.511 Thread 0x00000216fa8e7800 nmethod 2872 0x0000021680b56410 code [0x0000021680b565c0, 0x0000021680b56790]
Event: 16.511 Thread 0x00000216fa8e7800 2873       3       com.google.common.collect.RegularImmutableMap$EntrySet$1::get (64 bytes)
Event: 16.512 Thread 0x00000216fa8e7800 nmethod 2873 0x0000021680b56890 code [0x0000021680b56aa0, 0x0000021680b57120]

GC Heap History (12 events):
Event: 1.334 GC heap before
{Heap before GC invocations=0 (full 0):
 garbage-first heap   total 131072K, used 19456K [0x00000000c0000000, 0x0000000100000000)
  region size 1024K, 14 young (14336K), 0 survivors (0K)
 Metaspace       used 2298K, capacity 5501K, committed 5760K, reserved 1056768K
  class space    used 278K, capacity 576K, committed 640K, reserved 1048576K
}
Event: 1.351 GC heap after
{Heap after GC invocations=1 (full 0):
 garbage-first heap   total 131072K, used 7488K [0x00000000c0000000, 0x0000000100000000)
  region size 1024K, 2 young (2048K), 2 survivors (2048K)
 Metaspace       used 2298K, capacity 5501K, committed 5760K, reserved 1056768K
  class space    used 278K, capacity 576K, committed 640K, reserved 1048576K
}
Event: 2.056 GC heap before
{Heap before GC invocations=1 (full 0):
 garbage-first heap   total 131072K, used 18752K [0x00000000c0000000, 0x0000000100000000)
  region size 1024K, 13 young (13312K), 2 survivors (2048K)
 Metaspace       used 3751K, capacity 6540K, committed 6656K, reserved 1056768K
  class space    used 477K, capacity 753K, committed 768K, reserved 1048576K
}
Event: 2.061 GC heap after
{Heap after GC invocations=2 (full 0):
 garbage-first heap   total 131072K, used 8309K [0x00000000c0000000, 0x0000000100000000)
  region size 1024K, 1 young (1024K), 1 survivors (1024K)
 Metaspace       used 3751K, capacity 6540K, committed 6656K, reserved 1056768K
  class space    used 477K, capacity 753K, committed 768K, reserved 1048576K
}
Event: 3.096 GC heap before
{Heap before GC invocations=2 (full 0):
 garbage-first heap   total 131072K, used 35957K [0x00000000c0000000, 0x0000000100000000)
  region size 1024K, 28 young (28672K), 1 survivors (1024K)
 Metaspace       used 4189K, capacity 6852K, committed 7040K, reserved 1056768K
  class space    used 542K, capacity 857K, committed 896K, reserved 1048576K
}
Event: 3.101 GC heap after
{Heap after GC invocations=3 (full 0):
 garbage-first heap   total 131072K, used 12605K [0x00000000c0000000, 0x0000000100000000)
  region size 1024K, 4 young (4096K), 4 survivors (4096K)
 Metaspace       used 4189K, capacity 6852K, committed 7040K, reserved 1056768K
  class space    used 542K, capacity 857K, committed 896K, reserved 1048576K
}
Event: 9.202 GC heap before
{Heap before GC invocations=3 (full 0):
 garbage-first heap   total 131072K, used 52541K [0x00000000c0000000, 0x0000000100000000)
  region size 1024K, 43 young (44032K), 4 survivors (4096K)
 Metaspace       used 11340K, capacity 11723K, committed 11776K, reserved 1058816K
  class space    used 1640K, capacity 1773K, committed 1792K, reserved 1048576K
}
Event: 9.215 GC heap after
{Heap after GC invocations=4 (full 0):
 garbage-first heap   total 131072K, used 15671K [0x00000000c0000000, 0x0000000100000000)
  region size 1024K, 3 young (3072K), 3 survivors (3072K)
 Metaspace       used 11340K, capacity 11723K, committed 11776K, reserved 1058816K
  class space    used 1640K, capacity 1773K, committed 1792K, reserved 1048576K
}
Event: 13.001 GC heap before
{Heap before GC invocations=4 (full 0):
 garbage-first heap   total 131072K, used 64823K [0x00000000c0000000, 0x0000000100000000)
  region size 1024K, 53 young (54272K), 3 survivors (3072K)
 Metaspace       used 20747K, capacity 21125K, committed 21248K, reserved 1067008K
  class space    used 2894K, capacity 3057K, committed 3072K, reserved 1048576K
}
Event: 13.022 GC heap after
{Heap after GC invocations=5 (full 0):
 garbage-first heap   total 131072K, used 19207K [0x00000000c0000000, 0x0000000100000000)
  region size 1024K, 7 young (7168K), 7 survivors (7168K)
 Metaspace       used 20747K, capacity 21125K, committed 21248K, reserved 1067008K
  class space    used 2894K, capacity 3057K, committed 3072K, reserved 1048576K
}
Event: 15.807 GC heap before
{Heap before GC invocations=6 (full 0):
 garbage-first heap   total 71680K, used 57095K [0x00000000c0000000, 0x0000000100000000)
  region size 1024K, 42 young (43008K), 7 survivors (7168K)
 Metaspace       used 24935K, capacity 25477K, committed 25600K, reserved 1071104K
  class space    used 3372K, capacity 3565K, committed 3584K, reserved 1048576K
}
Event: 15.824 GC heap after
{Heap after GC invocations=7 (full 0):
 garbage-first heap   total 71680K, used 21582K [0x00000000c0000000, 0x0000000100000000)
  region size 1024K, 3 young (3072K), 3 survivors (3072K)
 Metaspace       used 24935K, capacity 25477K, committed 25600K, reserved 1071104K
  class space    used 3372K, capacity 3565K, committed 3584K, reserved 1048576K
}

Deoptimization events (20 events):
Event: 15.532 Thread 0x00000216fc159800 DEOPT PACKING pc=0x00000216806399bc sp=0x000000e590cf9c80
Event: 15.532 Thread 0x00000216fc159800 DEOPT UNPACKING pc=0x000002168004964e sp=0x000000e590cf91e0 mode 0
Event: 15.532 Thread 0x00000216fc159800 DEOPT PACKING pc=0x00000216806399bc sp=0x000000e590cfa140
Event: 15.532 Thread 0x00000216fc159800 DEOPT UNPACKING pc=0x000002168004964e sp=0x000000e590cf96b0 mode 0
Event: 15.753 Thread 0x00000216fc159800 Uncommon trap: trap_request=0xffffff45 fr.pc=0x0000021687b21a70 relative=0x0000000000000250
Event: 15.753 Thread 0x00000216fc159800 Uncommon trap: reason=unstable_if action=reinterpret pc=0x0000021687b21a70 method=java.util.HashMap.hash(Ljava/lang/Object;)I @ 1 c2
Event: 15.753 Thread 0x00000216fc159800 DEOPT PACKING pc=0x0000021687b21a70 sp=0x000000e590cf9250
Event: 15.753 Thread 0x00000216fc159800 DEOPT UNPACKING pc=0x000002168004912f sp=0x000000e590cf9188 mode 2
Event: 15.753 Thread 0x00000216fc159800 Uncommon trap: trap_request=0xffffff45 fr.pc=0x0000021687b15f84 relative=0x00000000000000e4
Event: 15.753 Thread 0x00000216fc159800 Uncommon trap: reason=unstable_if action=reinterpret pc=0x0000021687b15f84 method=java.util.HashMap.hash(Ljava/lang/Object;)I @ 1 c2
Event: 15.753 Thread 0x00000216fc159800 DEOPT PACKING pc=0x0000021687b15f84 sp=0x000000e590cf9240
Event: 15.753 Thread 0x00000216fc159800 DEOPT UNPACKING pc=0x000002168004912f sp=0x000000e590cf9180 mode 2
Event: 15.753 Thread 0x00000216fc159800 Uncommon trap: trap_request=0xffffff45 fr.pc=0x0000021687c2c134 relative=0x00000000000006d4
Event: 15.753 Thread 0x00000216fc159800 Uncommon trap: reason=unstable_if action=reinterpret pc=0x0000021687c2c134 method=java.util.HashMap.putVal(ILjava/lang/Object;Ljava/lang/Object;ZZ)Ljava/lang/Object; @ 85 c2
Event: 15.753 Thread 0x00000216fc159800 DEOPT PACKING pc=0x0000021687c2c134 sp=0x000000e590cf9170
Event: 15.753 Thread 0x00000216fc159800 DEOPT UNPACKING pc=0x000002168004912f sp=0x000000e590cf9128 mode 2
Event: 16.400 Thread 0x00000216fc159800 Uncommon trap: trap_request=0xffffffc6 fr.pc=0x0000021687b27244 relative=0x0000000000001064
Event: 16.400 Thread 0x00000216fc159800 Uncommon trap: reason=bimorphic_or_optimized_type_check action=maybe_recompile pc=0x0000021687b27244 method=java.util.Properties$LineReader.readLine()I @ 70 c2
Event: 16.400 Thread 0x00000216fc159800 DEOPT PACKING pc=0x0000021687b27244 sp=0x000000e590cfb100
Event: 16.400 Thread 0x00000216fc159800 DEOPT UNPACKING pc=0x000002168004912f sp=0x000000e590cfb088 mode 2

Classes unloaded (0 events):
No events

Classes redefined (0 events):
No events

Internal exceptions (20 events):
Event: 14.414 Thread 0x00000216fc159800 Exception <a 'java/lang/ClassNotFoundException'{0x00000000c2c3cb68}: org/codehaus/groovy/runtime/GStringImplCustomizer> (0x00000000c2c3cb68) 
thrown [t:/workspace/open/src/hotspot/share/classfile/systemDictionary.cpp, line 232]
Event: 14.426 Thread 0x00000216fc159800 Exception <a 'java/lang/ClassNotFoundException'{0x00000000c2c92eb0}: org/gradle/api/internal/plugins/DefaultObjectConfigurationActionBeanInfo> (0x00000000c2c92eb0) 
thrown [t:/workspace/open/src/hotspot/share/classfile/systemDictionary.cpp, line 232]
Event: 14.428 Thread 0x00000216fc159800 Exception <a 'java/lang/ClassNotFoundException'{0x00000000c2cb7450}: org/gradle/api/internal/plugins/DefaultObjectConfigurationActionCustomizer> (0x00000000c2cb7450) 
thrown [t:/workspace/open/src/hotspot/share/classfile/systemDictionary.cpp, line 232]
Event: 14.487 Thread 0x00000216fc159800 Exception <a 'java/lang/ClassNotFoundException'{0x00000000c2b27fc0}: app_plugin_loader_3w1iyle7cao2g8b8g8ai1xyctBeanInfo> (0x00000000c2b27fc0) 
thrown [t:/workspace/open/src/hotspot/share/classfile/systemDictionary.cpp, line 232]
Event: 14.489 Thread 0x00000216fc159800 Exception <a 'java/lang/ClassNotFoundException'{0x00000000c2b35248}: app_plugin_loader_3w1iyle7cao2g8b8g8ai1xyctCustomizer> (0x00000000c2b35248) 
thrown [t:/workspace/open/src/hotspot/share/classfile/systemDictionary.cpp, line 232]
Event: 14.501 Thread 0x00000216fc159800 Exception <a 'java/lang/ClassNotFoundException'{0x00000000c2b84908}: groovy/json/JsonSlurperBeanInfo> (0x00000000c2b84908) 
thrown [t:/workspace/open/src/hotspot/share/classfile/systemDictionary.cpp, line 232]
Event: 14.503 Thread 0x00000216fc159800 Exception <a 'java/lang/ClassNotFoundException'{0x00000000c2ba2840}: groovy/json/JsonSlurperCustomizer> (0x00000000c2ba2840) 
thrown [t:/workspace/open/src/hotspot/share/classfile/systemDictionary.cpp, line 232]
Event: 14.632 Thread 0x00000216fc159800 Exception <a 'java/lang/ClassNotFoundException'{0x00000000c2aa8b48}: org/apache/groovy/json/internal/LazyMapBeanInfo> (0x00000000c2aa8b48) 
thrown [t:/workspace/open/src/hotspot/share/classfile/systemDictionary.cpp, line 232]
Event: 14.633 Thread 0x00000216fc159800 Exception <a 'java/lang/ClassNotFoundException'{0x00000000c2ab39e0}: java/util/AbstractMapBeanInfo> (0x00000000c2ab39e0) 
thrown [t:/workspace/open/src/hotspot/share/classfile/systemDictionary.cpp, line 232]
Event: 14.633 Thread 0x00000216fc159800 Exception <a 'java/lang/ClassNotFoundException'{0x00000000c2abe990}: java/util/AbstractMapCustomizer> (0x00000000c2abe990) 
thrown [t:/workspace/open/src/hotspot/share/classfile/systemDictionary.cpp, line 232]
Event: 14.636 Thread 0x00000216fc159800 Exception <a 'java/lang/ClassNotFoundException'{0x00000000c2ada2c8}: org/apache/groovy/json/internal/LazyMapCustomizer> (0x00000000c2ada2c8) 
thrown [t:/workspace/open/src/hotspot/share/classfile/systemDictionary.cpp, line 232]
Event: 14.673 Thread 0x00000216fc159800 Exception <a 'java/lang/ClassNotFoundException'{0x00000000c28159c8}: java/util/ArrayListBeanInfo> (0x00000000c28159c8) 
thrown [t:/workspace/open/src/hotspot/share/classfile/systemDictionary.cpp, line 232]
Event: 14.674 Thread 0x00000216fc159800 Exception <a 'java/lang/ClassNotFoundException'{0x00000000c2820a28}: java/util/AbstractListBeanInfo> (0x00000000c2820a28) 
thrown [t:/workspace/open/src/hotspot/share/classfile/systemDictionary.cpp, line 232]
Event: 14.675 Thread 0x00000216fc159800 Exception <a 'java/lang/ClassNotFoundException'{0x00000000c282c130}: java/util/AbstractCollectionBeanInfo> (0x00000000c282c130) 
thrown [t:/workspace/open/src/hotspot/share/classfile/systemDictionary.cpp, line 232]
Event: 14.676 Thread 0x00000216fc159800 Exception <a 'java/lang/ClassNotFoundException'{0x00000000c28372e0}: java/util/AbstractCollectionCustomizer> (0x00000000c28372e0) 
thrown [t:/workspace/open/src/hotspot/share/classfile/systemDictionary.cpp, line 232]
Event: 14.679 Thread 0x00000216fc159800 Exception <a 'java/lang/ClassNotFoundException'{0x00000000c284bdc8}: java/util/AbstractListCustomizer> (0x00000000c284bdc8) 
thrown [t:/workspace/open/src/hotspot/share/classfile/systemDictionary.cpp, line 232]
Event: 14.682 Thread 0x00000216fc159800 Exception <a 'java/lang/ClassNotFoundException'{0x00000000c2861ea0}: java/util/ArrayListCustomizer> (0x00000000c2861ea0) 
thrown [t:/workspace/open/src/hotspot/share/classfile/systemDictionary.cpp, line 232]
Event: 15.218 Thread 0x00000216fc159800 Implicit null exception at 0x0000021687b924e5 to 0x0000021687b926c2
Event: 15.753 Thread 0x00000216fc159800 Implicit null exception at 0x0000021687b21864 to 0x0000021687b21a5e
Event: 15.753 Thread 0x00000216fc159800 Implicit null exception at 0x0000021687b15ee8 to 0x0000021687b15f7a

Events (20 events):
Event: 16.502 loading class org/gradle/api/internal/tasks/DefaultTaskContainer$TaskCreatingProvider
Event: 16.502 loading class org/gradle/api/internal/tasks/DefaultTaskContainer$TaskCreatingProvider done
Event: 16.503 loading class org/gradle/api/internal/DefaultNamedDomainObjectCollection$AbstractDomainObjectCreatingProvider
Event: 16.503 loading class org/gradle/api/internal/DefaultNamedDomainObjectCollection$AbstractDomainObjectCreatingProvider done
Event: 16.504 loading class org/gradle/api/internal/DefaultNamedDomainObjectCollection$AbstractNamedDomainObjectProvider
Event: 16.504 loading class org/gradle/api/internal/DefaultNamedDomainObjectCollection$AbstractNamedDomainObjectProvider done
Event: 16.504 loading class org/gradle/api/internal/provider/AbstractReadOnlyProvider
Event: 16.504 loading class org/gradle/api/internal/provider/AbstractReadOnlyProvider done
Event: 16.506 loading class org/gradle/api/internal/tasks/TaskDependencyResolveContext
Event: 16.506 loading class org/gradle/api/internal/tasks/TaskDependencyResolveContext done
Event: 16.511 loading class com/google/common/reflect/Types$NativeTypeVariableEquals
Event: 16.511 loading class com/google/common/reflect/Types$NativeTypeVariableEquals done
Event: 16.512 loading class com/google/common/reflect/Types$TypeVariableImpl
Event: 16.512 loading class com/google/common/reflect/Types$TypeVariableImpl done
Event: 16.513 loading class com/google/common/reflect/Types$TypeVariableInvocationHandler
Event: 16.513 loading class com/google/common/reflect/Types$TypeVariableInvocationHandler done
Event: 16.514 loading class com/google/common/reflect/Reflection
Event: 16.514 loading class com/google/common/reflect/Reflection done
Event: 16.519 Executing VM operation: Deoptimize
Event: 16.520 Executing VM operation: Deoptimize done


Dynamic libraries:
0x00007ff763940000 - 0x00007ff76394f000 	C:\Program Files\Java\jdk-13.0.2\bin\java.exe
0x00007ffdcaf20000 - 0x00007ffdcb110000 	C:\WINDOWS\SYSTEM32\ntdll.dll
0x00007ffdc9e30000 - 0x00007ffdc9ee2000 	C:\WINDOWS\System32\KERNEL32.DLL
0x00007ffdc8250000 - 0x00007ffdc84f5000 	C:\WINDOWS\System32\KERNELBASE.dll
0x00007ffdc7f50000 - 0x00007ffdc804a000 	C:\WINDOWS\System32\ucrtbase.dll
0x00007ffdbd270000 - 0x00007ffdbd288000 	C:\Program Files\Java\jdk-13.0.2\bin\jli.dll
0x00007ffdc9690000 - 0x00007ffdc9733000 	C:\WINDOWS\System32\ADVAPI32.dll
0x00007ffdcaad0000 - 0x00007ffdcab6e000 	C:\WINDOWS\System32\msvcrt.dll
0x00007ffdbcac0000 - 0x00007ffdbcad5000 	C:\Program Files\Java\jdk-13.0.2\bin\VCRUNTIME140.dll
0x00007ffdc9490000 - 0x00007ffdc9527000 	C:\WINDOWS\System32\sechost.dll
0x00007ffdcab70000 - 0x00007ffdcac8f000 	C:\WINDOWS\System32\RPCRT4.dll
0x00007ffdca1f0000 - 0x00007ffdca384000 	C:\WINDOWS\System32\USER32.dll
0x00007ffdc85e0000 - 0x00007ffdc8601000 	C:\WINDOWS\System32\win32u.dll
0x00007ffdca4e0000 - 0x00007ffdca506000 	C:\WINDOWS\System32\GDI32.dll
0x00007ffdc80b0000 - 0x00007ffdc8248000 	C:\WINDOWS\System32\gdi32full.dll
0x00007ffdc8810000 - 0x00007ffdc88ae000 	C:\WINDOWS\System32\msvcp_win.dll
0x00007ffdafa20000 - 0x00007ffdafca4000 	C:\WINDOWS\WinSxS\amd64_microsoft.windows.common-controls_6595b64144ccf1df_6.0.18362.1316_none_9e7a364fe461dbd7\COMCTL32.dll
0x00007ffdc9150000 - 0x00007ffdc9487000 	C:\WINDOWS\System32\combase.dll
0x00007ffdc8520000 - 0x00007ffdc85a1000 	C:\WINDOWS\System32\bcryptPrimitives.dll
0x00007ffdc2c90000 - 0x00007ffdc2c9a000 	C:\WINDOWS\SYSTEM32\VERSION.dll
0x00007ffdc9030000 - 0x00007ffdc905e000 	C:\WINDOWS\System32\IMM32.DLL
0x00007ffdbc780000 - 0x00007ffdbc81b000 	C:\Program Files\Java\jdk-13.0.2\bin\msvcp140.dll
0x00007ffd7fd70000 - 0x00007ffd808cd000 	C:\Program Files\Java\jdk-13.0.2\bin\server\jvm.dll
0x00007ffdca4d0000 - 0x00007ffdca4d8000 	C:\WINDOWS\System32\PSAPI.DLL
0x00007ffdb2e80000 - 0x00007ffdb2e89000 	C:\WINDOWS\SYSTEM32\WSOCK32.dll
0x00007ffdc9fd0000 - 0x00007ffdca03f000 	C:\WINDOWS\System32\WS2_32.dll
0x00007ffdc5080000 - 0x00007ffdc50a4000 	C:\WINDOWS\SYSTEM32\WINMM.dll
0x00007ffdc4a90000 - 0x00007ffdc4abd000 	C:\WINDOWS\SYSTEM32\WINMMBASE.dll
0x00007ffdc7f00000 - 0x00007ffdc7f4a000 	C:\WINDOWS\System32\cfgmgr32.dll
0x00007ffdc7e90000 - 0x00007ffdc7ea1000 	C:\WINDOWS\System32\kernel.appcore.dll
0x00007ffdbd360000 - 0x00007ffdbd370000 	C:\Program Files\Java\jdk-13.0.2\bin\verify.dll
0x00007ffdbdd40000 - 0x00007ffdbdf34000 	C:\WINDOWS\SYSTEM32\DBGHELP.DLL
0x00007ffdbdc80000 - 0x00007ffdbdcaa000 	C:\WINDOWS\SYSTEM32\dbgcore.DLL
0x00007ffdbca90000 - 0x00007ffdbcab6000 	C:\Program Files\Java\jdk-13.0.2\bin\java.dll
0x00007ffdbca70000 - 0x00007ffdbca87000 	C:\Program Files\Java\jdk-13.0.2\bin\zip.dll
0x00007ffdbcc30000 - 0x00007ffdbcc3a000 	C:\Program Files\Java\jdk-13.0.2\bin\jimage.dll
0x00007ffdc9740000 - 0x00007ffdc9e28000 	C:\WINDOWS\System32\SHELL32.dll
0x00007ffdcae20000 - 0x00007ffdcaec7000 	C:\WINDOWS\System32\shcore.dll
0x00007ffdc88b0000 - 0x00007ffdc902b000 	C:\WINDOWS\System32\windows.storage.dll
0x00007ffdc7e40000 - 0x00007ffdc7e63000 	C:\WINDOWS\System32\profapi.dll
0x00007ffdc7eb0000 - 0x00007ffdc7efa000 	C:\WINDOWS\System32\powrprof.dll
0x00007ffdc7e30000 - 0x00007ffdc7e40000 	C:\WINDOWS\System32\UMPDC.dll
0x00007ffdcac90000 - 0x00007ffdcace2000 	C:\WINDOWS\System32\shlwapi.dll
0x00007ffdc8500000 - 0x00007ffdc8517000 	C:\WINDOWS\System32\cryptsp.dll
0x00007ffdbc760000 - 0x00007ffdbc779000 	C:\Program Files\Java\jdk-13.0.2\bin\net.dll
0x00007ffdb49a0000 - 0x00007ffdb4a90000 	C:\WINDOWS\SYSTEM32\WINHTTP.dll
0x00007ffdc7610000 - 0x00007ffdc7677000 	C:\WINDOWS\system32\mswsock.dll
0x00007ffdbc740000 - 0x00007ffdbc753000 	C:\Program Files\Java\jdk-13.0.2\bin\nio.dll
0x00007ffdc4750000 - 0x00007ffdc4776000 	C:\Users\Lewis\.gradle\native\30\windows-amd64\native-platform.dll
0x00007ffdbc710000 - 0x00007ffdbc719000 	C:\Program Files\Java\jdk-13.0.2\bin\management.dll
0x00007ffdbc700000 - 0x00007ffdbc70b000 	C:\Program Files\Java\jdk-13.0.2\bin\management_ext.dll
0x00007ffdc7190000 - 0x00007ffdc71c3000 	C:\WINDOWS\system32\rsaenh.dll
0x00007ffdc85b0000 - 0x00007ffdc85d6000 	C:\WINDOWS\System32\bcrypt.dll
0x00007ffdc7d50000 - 0x00007ffdc7d75000 	C:\WINDOWS\SYSTEM32\USERENV.dll
0x00007ffdc7840000 - 0x00007ffdc784c000 	C:\WINDOWS\SYSTEM32\CRYPTBASE.dll
0x00007ffdc7320000 - 0x00007ffdc735a000 	C:\WINDOWS\SYSTEM32\IPHLPAPI.DLL
0x00007ffdc9fc0000 - 0x00007ffdc9fc8000 	C:\WINDOWS\System32\NSI.dll
0x00007ffdb60d0000 - 0x00007ffdb60e6000 	C:\WINDOWS\SYSTEM32\dhcpcsvc6.DLL
0x00007ffdb68d0000 - 0x00007ffdb68ec000 	C:\WINDOWS\SYSTEM32\dhcpcsvc.DLL
0x00007ffdc7360000 - 0x00007ffdc742b000 	C:\WINDOWS\SYSTEM32\DNSAPI.dll

dbghelp: loaded successfully - version: 4.0.5 - missing functions: none
symbol engine: initialized successfully - sym options: 0x614 - pdb path: .;C:\Program Files\Java\jdk-13.0.2\bin;C:\WINDOWS\SYSTEM32;C:\WINDOWS\WinSxS\amd64_microsoft.windows.common-controls_6595b64144ccf1df_6.0.18362.1316_none_9e7a364fe461dbd7;C:\Program Files\Java\jdk-13.0.2\bin\server;C:\Users\Lewis\.gradle\native\30\windows-amd64

VM Arguments:
jvm_args: --add-opens=java.base/java.util=ALL-UNNAMED --add-opens=java.base/java.lang=ALL-UNNAMED --add-opens=java.base/java.lang.invoke=ALL-UNNAMED --add-opens=java.prefs/java.util.prefs=ALL-UNNAMED -Xmx1024m -Dfile.encoding=windows-1252 -Duser.country=US -Duser.language=en -Duser.variant 
java_command: org.gradle.launcher.daemon.bootstrap.GradleDaemon 5.6.2
java_class_path (initial): C:\Users\Lewis\.gradle\wrapper\dists\gradle-5.6.2-all\9st6wgf78h16so49nn74lgtbb\gradle-5.6.2\lib\gradle-launcher-5.6.2.jar
Launcher Type: SUN_STANDARD

[Global flags]
     intx CICompilerCount                          = 3                                         {product} {ergonomic}
     uint ConcGCThreads                            = 1                                         {product} {ergonomic}
     uint G1ConcRefinementThreads                  = 4                                         {product} {ergonomic}
   size_t G1HeapRegionSize                         = 1048576                                   {product} {ergonomic}
    uintx GCDrainStackTargetSize                   = 64                                        {product} {ergonomic}
   size_t InitialHeapSize                          = 134217728                                 {product} {ergonomic}
   size_t MarkStackSize                            = 4194304                                   {product} {ergonomic}
   size_t MaxHeapSize                              = 1073741824                                {product} {command line}
   size_t MaxNewSize                               = 643825664                                 {product} {ergonomic}
   size_t MinHeapDeltaBytes                        = 1048576                                   {product} {ergonomic}
   size_t MinHeapSize                              = 8388608                                   {product} {ergonomic}
    uintx NonNMethodCodeHeapSize                   = 5832780                                {pd product} {ergonomic}
    uintx NonProfiledCodeHeapSize                  = 122912730                              {pd product} {ergonomic}
    uintx ProfiledCodeHeapSize                     = 122912730                              {pd product} {ergonomic}
    uintx ReservedCodeCacheSize                    = 251658240                              {pd product} {ergonomic}
     bool SegmentedCodeCache                       = true                                      {product} {ergonomic}
   size_t SoftMaxHeapSize                          = 1073741824                             {manageable} {ergonomic}
     bool UseCompressedClassPointers               = true                                 {lp64_product} {ergonomic}
     bool UseCompressedOops                        = true                                 {lp64_product} {ergonomic}
     bool UseG1GC                                  = true                                      {product} {ergonomic}
     bool UseLargePagesIndividualAllocation        = false                                  {pd product} {ergonomic}

Logging:
Log output configuration:
 #0: stdout all=warning uptime,level,tags
 #1: stderr all=off uptime,level,tags

Environment Variables:
CLASSPATH=D:\LEWY\Dev\Projects\ROUGH\Flutter\cryptoboard\android\\gradle\wrapper\gradle-wrapper.jar
PATH=C:\Program Files\ImageMagick-7.0.10-Q16-HDRI;C:\Program Files (x86)\NVIDIA Corporation\PhysX\Common;C:\WINDOWS\system32;C:\WINDOWS;C:\WINDOWS\System32\Wbem;C:\WINDOWS\System32\WindowsPowerShell\v1.0\;C:\WINDOWS\System32\OpenSSH\;C:\Program Files\Java\jdk-13.0.2\bin;C:\Program Files\Git\cmd;C:\Program Files\nodejs\;C:\ProgramData\chocolatey\bin;C:\Users\Lewis\AppData\Local\Programs\Python\Python38-32\Lib\site-packages\django\bin;C:\Users\Lewis\AppData\Local\Programs\Python\Python38-32\Scripts\;C:\Users\Lewis\AppData\Local\Programs\Python\Python38-32\;C:\Users\Lewis\AppData\Local\Programs\Microsoft VS Code\bin;C:\Users\Lewis\AppData\Local\GitHubDesktop\bin;C:\src\flutter\bin;C:\Users\Lewis\AppData\Roaming\npm;C:\Users\Lewis\AppData\Roaming\Pub\Cache\bin;C:\Program Files\JetBrains\PyCharm 2020.1.2\bin;C:\Program Files\JetBrains\PyCharm Community Edition 2020.1.2\bin;C:\adb;C:\Program Files (x86)\dotnet\;C:\Program Files\dotnet\;C:\Users\Lewis\AppData\Local\Programs\Python\Python38-32\Scripts\;C:\Users\Lewis\AppData\Local\Programs\Python\Python38-32\;C:\Users\Lewis\AppData\Local\Programs\Microsoft VS Code\bin;C:\Users\Lewis\AppData\Local\GitHubDesktop\bin;C:\src\flutter\bin;C:\Users\Lewis\AppData\Roaming\npm;C:\tools\dart-sdk\bin;C:\Users\Lewis\AppData\Roaming\Pub\Cache\bin;C:\Program Files\JetBrains\PyCharm 2020.1.2\bin;;C:\Program Files\JetBrains\PyCharm Community Edition 2020.1.2\bin;;C:\Program Files\Java\jdk-13.0.2\bin;C:\Users\Lewis\.dotnet\tools;C:\src\flutter\bin\mingit\cmd
USERNAME=Lewis
OS=Windows_NT
PROCESSOR_IDENTIFIER=Intel64 Family 6 Model 78 Stepping 3, GenuineIntel



---------------  S Y S T E M  ---------------

OS: Windows 10 , 64 bit Build 18362 (10.0.18362.1316)

CPU:total 4 (initial active 4) (2 cores per cpu, 2 threads per core) family 6 model 78 stepping 3, cmov, cx8, fxsr, mmx, sse, sse2, sse3, ssse3, sse4.1, sse4.2, popcnt, avx, avx2, aes, clmul, erms, rtm, 3dnowpref, lzcnt, ht, tsc, tscinvbit, bmi1, bmi2, adx, fma

Memory: 4k page, system-wide physical 8071M (333M free)
TotalPageFile size 11879M (AvailPageFile size 2M)
current process WorkingSet (physical memory assigned to process): 179M, peak: 198M
current process commit charge ("private bytes"): 223M, peak: 296M

vm_info: Java HotSpot(TM) 64-Bit Server VM (13.0.2+8) for windows-amd64 JRE (13.0.2+8), built on Dec 11 2019 09:20:33 by "mach5one" with unknown MS VC++:1916

END.
