#
# There is insufficient memory for the Java Runtime Environment to continue.
# Native memory allocation (mmap) failed to map 134217728 bytes for Failed to commit area from 0x0000000081e00000 to 0x0000000089e00000 of length 134217728.
# Possible reasons:
#   The system is out of physical RAM or swap space
#   The process is running with CompressedOops enabled, and the Java Heap may be blocking the growth of the native heap
# Possible solutions:
#   Reduce memory load on the system
#   Increase physical memory or swap space
#   Check if swap backing store is full
#   Decrease Java heap size (-Xmx/-Xms)
#   Decrease number of Java threads
#   Decrease Java thread stack sizes (-Xss)
#   Set larger code cache with -XX:ReservedCodeCacheSize=
# This output file may be truncated or incomplete.
#
#  Out of Memory Error (t:/workspace/open/src/hotspot/os/windows/os_windows.cpp:3301), pid=45568, tid=19996
#
# JRE version:  (13.0.2+8) (build )
# Java VM: Java HotSpot(TM) 64-Bit Server VM (13.0.2+8, mixed mode, aot, sharing, tiered, compressed oops, g1 gc, windows-amd64)
# No core dump will be written. Minidumps are not enabled by default on client versions of Windows
#

---------------  S U M M A R Y ------------

Command Line: 

Host: Intel(R) Core(TM) i5-6300U CPU @ 2.40GHz, 4 cores, 7G,  Windows 10 , 64 bit Build 18362 (10.0.18362.1316)
Time: Mon Feb 15 03:06:59 2021 E. Africa Standard Time elapsed time: 0 seconds (0d 0h 0m 0s)

---------------  T H R E A D  ---------------

Current thread (0x00000236b695d800):  JavaThread "Unknown thread" [_thread_in_vm, id=19996, stack(0x000000f5ae600000,0x000000f5ae700000)]

Stack: [0x000000f5ae600000,0x000000f5ae700000]
Native frames: (J=compiled Java code, j=interpreted, Vv=VM code, C=native code)
V  [jvm.dll+0x624f9a]
V  [jvm.dll+0x770cfa]
V  [jvm.dll+0x7724af]
V  [jvm.dll+0x772ab3]
V  [jvm.dll+0x24bf08]
V  [jvm.dll+0x6222aa]
V  [jvm.dll+0x6170b5]
V  [jvm.dll+0x30a88c]
V  [jvm.dll+0x30a6c2]
V  [jvm.dll+0x30fe36]
V  [jvm.dll+0x353f46]
V  [jvm.dll+0x353720]
V  [jvm.dll+0x2e550a]
V  [jvm.dll+0x2e67a2]
V  [jvm.dll+0x74dd78]
V  [jvm.dll+0x361989]
V  [jvm.dll+0x730e65]
V  [jvm.dll+0x3cc53f]
V  [jvm.dll+0x3ce861]
C  [jli.dll+0x51ff]
C  [ucrtbase.dll+0x210b2]
C  [KERNEL32.DLL+0x17c24]
C  [ntdll.dll+0x6d4d1]


---------------  P R O C E S S  ---------------

Threads class SMR info:
_java_thread_list=0x00007ff95509ccb8, length=0, elements={
}

Java Threads: ( => current thread )

Other Threads:
  0x00000236b69a0800 GCTaskThread "GC Thread#0" [stack: 0x000000f5ae700000,0x000000f5ae800000] [id=9268]
  0x00000236b69b2800 ConcurrentGCThread "G1 Main Marker" [stack: 0x000000f5ae800000,0x000000f5ae900000] [id=21884]
  0x00000236b69b4000 ConcurrentGCThread "G1 Conc#0" [stack: 0x000000f5ae900000,0x000000f5aea00000] [id=53528]

[error occurred during error reporting (printing all threads), id 0xc0000005, EXCEPTION_ACCESS_VIOLATION (0xc0000005) at pc=0x00007ff9548d51d7]

VM state:not at safepoint (not fully initialized)

VM Mutex/Monitor currently owned by a thread:  ([mutex/lock_event])
[0x00000236b695b2f0] Heap_lock - owner thread: 0x00000236b695d800

Heap address: 0x0000000081e00000, size: 2018 MB, Compressed Oops mode: Non-zero based: 0x0000000081e00000
Narrow klass base: 0x0000000000000000, Narrow klass shift: 0

GC Heap History (0 events):
No events

Deoptimization events (0 events):
No events

Classes unloaded (0 events):
No events

Classes redefined (0 events):
No events

Internal exceptions (0 events):
No events

Events (8 events):
Event: 0.039 Loaded shared library C:\Program Files\Java\jdk-13.0.2\bin\zip.dll
Event: 0.041 Loaded shared library C:\Program Files\Java\jdk-13.0.2\bin\jimage.dll
Event: 0.056 Loading shared library C:\Program Files\Java\jdk-13.0.2\lib\libjava.base-coop.dll failed, error code 126
Event: 0.056 Loading shared library C:\Program Files\Java\jdk-13.0.2\lib\libjava.logging-coop.dll failed, error code 126
Event: 0.056 Loading shared library C:\Program Files\Java\jdk-13.0.2\lib\libjdk.compiler-coop.dll failed, error code 126
Event: 0.056 Loading shared library C:\Program Files\Java\jdk-13.0.2\lib\libjdk.scripting.nashorn-coop.dll failed, error code 126
Event: 0.056 Loading shared library C:\Program Files\Java\jdk-13.0.2\lib\libjdk.internal.vm.ci-coop.dll failed, error code 126
Event: 0.057 Loading shared library C:\Program Files\Java\jdk-13.0.2\lib\libjdk.internal.vm.compiler-coop.dll failed, error code 126


Dynamic libraries:
0x00007ff776d40000 - 0x00007ff776d4f000 	C:\Program Files\Java\jdk-13.0.2\bin\java.exe
0x00007ff9a1f00000 - 0x00007ff9a20f0000 	C:\WINDOWS\SYSTEM32\ntdll.dll
0x00007ff9a1630000 - 0x00007ff9a16e2000 	C:\WINDOWS\System32\KERNEL32.DLL
0x00007ff99f0d0000 - 0x00007ff99f375000 	C:\WINDOWS\System32\KERNELBASE.dll
0x00007ff99fd10000 - 0x00007ff99fe0a000 	C:\WINDOWS\System32\ucrtbase.dll
0x00007ff994ea0000 - 0x00007ff994eb8000 	C:\Program Files\Java\jdk-13.0.2\bin\jli.dll
0x00007ff9a16f0000 - 0x00007ff9a1793000 	C:\WINDOWS\System32\ADVAPI32.dll
0x00007ff989eb0000 - 0x00007ff989ec5000 	C:\Program Files\Java\jdk-13.0.2\bin\VCRUNTIME140.dll
0x00007ff9a1be0000 - 0x00007ff9a1c7e000 	C:\WINDOWS\System32\msvcrt.dll
0x00007ff9a1c80000 - 0x00007ff9a1d17000 	C:\WINDOWS\System32\sechost.dll
0x00007ff9a14a0000 - 0x00007ff9a15bf000 	C:\WINDOWS\System32\RPCRT4.dll
0x00007ff9a1d20000 - 0x00007ff9a1eb4000 	C:\WINDOWS\System32\USER32.dll
0x00007ff99efa0000 - 0x00007ff99efc1000 	C:\WINDOWS\System32\win32u.dll
0x00007ff9a0090000 - 0x00007ff9a00b6000 	C:\WINDOWS\System32\GDI32.dll
0x00007ff99fe70000 - 0x00007ff9a0008000 	C:\WINDOWS\System32\gdi32full.dll
0x00007ff98be00000 - 0x00007ff98c084000 	C:\WINDOWS\WinSxS\amd64_microsoft.windows.common-controls_6595b64144ccf1df_6.0.18362.1316_none_9e7a364fe461dbd7\COMCTL32.dll
0x00007ff99f380000 - 0x00007ff99f41e000 	C:\WINDOWS\System32\msvcp_win.dll
0x00007ff9a0700000 - 0x00007ff9a0a37000 	C:\WINDOWS\System32\combase.dll
0x00007ff99ef10000 - 0x00007ff99ef91000 	C:\WINDOWS\System32\bcryptPrimitives.dll
0x00007ff994990000 - 0x00007ff99499a000 	C:\WINDOWS\SYSTEM32\VERSION.dll
0x00007ff9a1390000 - 0x00007ff9a13be000 	C:\WINDOWS\System32\IMM32.DLL
0x00007ff95cc90000 - 0x00007ff95cd2b000 	C:\Program Files\Java\jdk-13.0.2\bin\msvcp140.dll
0x00007ff9545e0000 - 0x00007ff95513d000 	C:\Program Files\Java\jdk-13.0.2\bin\server\jvm.dll
0x00007ff9a1130000 - 0x00007ff9a1138000 	C:\WINDOWS\System32\PSAPI.DLL
0x00007ff989600000 - 0x00007ff989609000 	C:\WINDOWS\SYSTEM32\WSOCK32.dll
0x00007ff9993e0000 - 0x00007ff999404000 	C:\WINDOWS\SYSTEM32\WINMM.dll
0x00007ff9a15c0000 - 0x00007ff9a162f000 	C:\WINDOWS\System32\WS2_32.dll
0x00007ff9993b0000 - 0x00007ff9993dd000 	C:\WINDOWS\SYSTEM32\winmmbase.dll
0x00007ff99f080000 - 0x00007ff99f0ca000 	C:\WINDOWS\System32\cfgmgr32.dll
0x00007ff99ee20000 - 0x00007ff99ee31000 	C:\WINDOWS\System32\kernel.appcore.dll
0x00007ff997bf0000 - 0x00007ff997c00000 	C:\Program Files\Java\jdk-13.0.2\bin\verify.dll
0x00007ff99d7d0000 - 0x00007ff99d9c4000 	C:\WINDOWS\SYSTEM32\DBGHELP.DLL
0x00007ff98f7b0000 - 0x00007ff98f7da000 	C:\WINDOWS\SYSTEM32\dbgcore.DLL
0x00007ff976cb0000 - 0x00007ff976cd6000 	C:\Program Files\Java\jdk-13.0.2\bin\java.dll
0x00007ff989e90000 - 0x00007ff989ea7000 	C:\Program Files\Java\jdk-13.0.2\bin\zip.dll
0x00007ff9979e0000 - 0x00007ff9979ea000 	C:\Program Files\Java\jdk-13.0.2\bin\jimage.dll

dbghelp: loaded successfully - version: 4.0.5 - missing functions: none
symbol engine: initialized successfully - sym options: 0x614 - pdb path: .;C:\Program Files\Java\jdk-13.0.2\bin;C:\WINDOWS\SYSTEM32;C:\WINDOWS\WinSxS\amd64_microsoft.windows.common-controls_6595b64144ccf1df_6.0.18362.1316_none_9e7a364fe461dbd7;C:\Program Files\Java\jdk-13.0.2\bin\server

VM Arguments:
java_command: <unknown>
java_class_path (initial): <not set>
Launcher Type: SUN_STANDARD

[Global flags]
     intx CICompilerCount                          = 3                                         {product} {ergonomic}
     uint ConcGCThreads                            = 1                                         {product} {ergonomic}
     uint G1ConcRefinementThreads                  = 4                                         {product} {ergonomic}
   size_t G1HeapRegionSize                         = 1048576                                   {product} {ergonomic}
    uintx GCDrainStackTargetSize                   = 64                                        {product} {ergonomic}
   size_t InitialHeapSize                          = 134217728                                 {product} {ergonomic}
   size_t MarkStackSize                            = 4194304                                   {product} {ergonomic}
   size_t MaxHeapSize                              = 2116026368                                {product} {ergonomic}
   size_t MinHeapDeltaBytes                        = 1048576                                   {product} {ergonomic}
   size_t MinHeapSize                              = 8388608                                   {product} {ergonomic}
    uintx NonNMethodCodeHeapSize                   = 5832780                                {pd product} {ergonomic}
    uintx NonProfiledCodeHeapSize                  = 122912730                              {pd product} {ergonomic}
    uintx ProfiledCodeHeapSize                     = 122912730                              {pd product} {ergonomic}
    uintx ReservedCodeCacheSize                    = 251658240                              {pd product} {ergonomic}
     bool SegmentedCodeCache                       = true                                      {product} {ergonomic}
   size_t SoftMaxHeapSize                          = 2116026368                             {manageable} {ergonomic}
     bool UseCompressedClassPointers               = true                                 {lp64_product} {ergonomic}
     bool UseCompressedOops                        = true                                 {lp64_product} {ergonomic}
     bool UseG1GC                                  = true                                      {product} {ergonomic}
     bool UseLargePagesIndividualAllocation        = false                                  {pd product} {ergonomic}

Logging:
Log output configuration:
 #0: stdout all=warning uptime,level,tags
 #1: stderr all=off uptime,level,tags

Environment Variables:
PATH=C:\Program Files\ImageMagick-7.0.10-Q16-HDRI;C:\Program Files (x86)\NVIDIA Corporation\PhysX\Common;C:\WINDOWS\system32;C:\WINDOWS;C:\WINDOWS\System32\Wbem;C:\WINDOWS\System32\WindowsPowerShell\v1.0\;C:\WINDOWS\System32\OpenSSH\;C:\Program Files\Java\jdk-13.0.2\bin;C:\Program Files\Git\cmd;C:\Program Files\nodejs\;C:\ProgramData\chocolatey\bin;C:\Users\Lewis\AppData\Local\Programs\Python\Python38-32\Lib\site-packages\django\bin;C:\Users\Lewis\AppData\Local\Programs\Python\Python38-32\Scripts\;C:\Users\Lewis\AppData\Local\Programs\Python\Python38-32\;C:\Users\Lewis\AppData\Local\Programs\Microsoft VS Code\bin;C:\Users\Lewis\AppData\Local\GitHubDesktop\bin;C:\src\flutter\bin;C:\Users\Lewis\AppData\Roaming\npm;C:\Users\Lewis\AppData\Roaming\Pub\Cache\bin;C:\Program Files\JetBrains\PyCharm 2020.1.2\bin;C:\Program Files\JetBrains\PyCharm Community Edition 2020.1.2\bin;C:\adb;C:\Program Files (x86)\dotnet\;C:\Program Files\dotnet\;C:\Users\Lewis\AppData\Local\Programs\Python\Python38-32\Scripts\;C:\Users\Lewis\AppData\Local\Programs\Python\Python38-32\;C:\Users\Lewis\AppData\Local\Programs\Microsoft VS Code\bin;C:\Users\Lewis\AppData\Local\GitHubDesktop\bin;C:\src\flutter\bin;C:\Users\Lewis\AppData\Roaming\npm;C:\tools\dart-sdk\bin;C:\Users\Lewis\AppData\Roaming\Pub\Cache\bin;C:\Program Files\JetBrains\PyCharm 2020.1.2\bin;;C:\Program Files\JetBrains\PyCharm Community Edition 2020.1.2\bin;;C:\Program Files\Java\jdk-13.0.2\bin;C:\Users\Lewis\.dotnet\tools;C:\src\flutter\bin\mingit\cmd
USERNAME=Lewis
OS=Windows_NT
PROCESSOR_IDENTIFIER=Intel64 Family 6 Model 78 Stepping 3, GenuineIntel



---------------  S Y S T E M  ---------------

OS: Windows 10 , 64 bit Build 18362 (10.0.18362.1316)

CPU:total 4 (initial active 4) (2 cores per cpu, 2 threads per core) family 6 model 78 stepping 3, cmov, cx8, fxsr, mmx, sse, sse2, sse3, ssse3, sse4.1, sse4.2, popcnt, avx, avx2, aes, clmul, erms, rtm, 3dnowpref, lzcnt, ht, tsc, tscinvbit, bmi1, bmi2, adx, fma

Memory: 4k page, system-wide physical 8071M (436M free)
TotalPageFile size 11879M (AvailPageFile size 122M)
current process WorkingSet (physical memory assigned to process): 10M, peak: 10M
current process commit charge ("private bytes"): 52M, peak: 180M

vm_info: Java HotSpot(TM) 64-Bit Server VM (13.0.2+8) for windows-amd64 JRE (13.0.2+8), built on Dec 11 2019 09:20:33 by "mach5one" with unknown MS VC++:1916

END.
